2019-04-10 19:51:34,997  WARN [main] - ScalaProject - Project   has platform default sourceLevel.
2019-04-10 19:51:34,999  WARN [main] - ScalaProject - Project   runs on platform default installation.
2019-04-10 19:51:37,774  WARN [org.scalaide.ui.internal.reconciliation.ScalaReconciler] - ScalaProject - Project   has platform default sourceLevel.
2019-04-10 19:51:37,776  WARN [org.scalaide.ui.internal.reconciliation.ScalaReconciler] - ScalaProject - Project   runs on platform default installation.
2019-04-10 19:51:38,482 ERROR [main] - org.scala-ide.sdt.core - org.scala-ide.sdt.core - org.scala-ide.sdt.core - 0 - scala.reflect.internal.MissingRequirementError: object scala in compiler mirror not found.
2019-04-10 19:51:38,541 ERROR [main] - org.scala-ide.sdt.core - org.scala-ide.sdt.core - org.scala-ide.sdt.core - 0 - scala.reflect.internal.MissingRequirementError: object scala in compiler mirror not found.
2019-04-10 19:51:38,819  WARN [org.scalaide.ui.internal.reconciliation.ScalaReconciler] - ScalaProject - Project   has platform default sourceLevel.
2019-04-10 19:51:38,819  WARN [org.scalaide.ui.internal.reconciliation.ScalaReconciler] - ScalaProject - Project   runs on platform default installation.
2019-04-10 19:51:38,888 ERROR [main] - org.scala-ide.sdt.core - org.scala-ide.sdt.core - org.scala-ide.sdt.core - 0 - scala.reflect.internal.MissingRequirementError: object scala in compiler mirror not found.
2019-04-10 19:51:39,373  WARN [org.scalaide.ui.internal.reconciliation.ScalaReconciler] - ScalaProject - Project   has platform default sourceLevel.
2019-04-10 19:51:39,373  WARN [org.scalaide.ui.internal.reconciliation.ScalaReconciler] - ScalaProject - Project   runs on platform default installation.
2019-04-10 19:51:39,420 ERROR [main] - org.scala-ide.sdt.core - org.scala-ide.sdt.core - org.scala-ide.sdt.core - 0 - scala.reflect.internal.MissingRequirementError: object scala in compiler mirror not found.
2019-04-10 19:51:46,965  WARN [org.scalaide.ui.internal.reconciliation.ScalaReconciler] - ScalaProject - Project   has platform default sourceLevel.
2019-04-10 19:51:46,965  WARN [org.scalaide.ui.internal.reconciliation.ScalaReconciler] - ScalaProject - Project   runs on platform default installation.
2019-04-10 19:51:47,003 ERROR [main] - org.scala-ide.sdt.core - org.scala-ide.sdt.core - org.scala-ide.sdt.core - 0 - scala.reflect.internal.MissingRequirementError: object scala in compiler mirror not found.
2019-04-10 19:51:47,507  WARN [org.scalaide.ui.internal.reconciliation.ScalaReconciler] - ScalaProject - Project   has platform default sourceLevel.
2019-04-10 19:51:47,507  WARN [org.scalaide.ui.internal.reconciliation.ScalaReconciler] - ScalaProject - Project   runs on platform default installation.
2019-04-10 19:51:47,554 ERROR [main] - org.scala-ide.sdt.core - org.scala-ide.sdt.core - org.scala-ide.sdt.core - 0 - scala.reflect.internal.MissingRequirementError: object scala in compiler mirror not found.
2019-04-10 19:51:59,818  WARN [ModalContext] - ScalaProject - Project tusMuertos has platform default sourceLevel.
2019-04-10 19:51:59,818  WARN [ModalContext] - ScalaProject - Project tusMuertos runs on platform default installation.
2019-04-10 19:51:59,858 ERROR [Worker-3] - System.err - log4j:WARN No appenders could be found for logger (org.eclipse.jgit.util.FS).
2019-04-10 19:51:59,858 ERROR [Worker-3] - System.err - log4j:WARN Please initialize the log4j system properly.
2019-04-10 19:52:00,973  WARN [Worker-7] - ScalaProject - Project tusMuertos has platform default sourceLevel.
2019-04-10 19:52:00,973  WARN [Worker-7] - ScalaProject - Project tusMuertos runs on platform default installation.
2019-04-10 19:52:01,184  WARN [org.scalaide.ui.internal.reconciliation.ScalaReconciler] - ScalaProject - Project   has platform default sourceLevel.
2019-04-10 19:52:01,184  WARN [org.scalaide.ui.internal.reconciliation.ScalaReconciler] - ScalaProject - Project   runs on platform default installation.
2019-04-10 19:52:01,205 ERROR [main] - org.scala-ide.sdt.core - org.scala-ide.sdt.core - org.scala-ide.sdt.core - 0 - scala.reflect.internal.MissingRequirementError: object scala in compiler mirror not found.
2019-04-10 19:52:02,362  WARN [org.scalaide.ui.internal.reconciliation.ScalaReconciler] - ScalaProject - Project   has platform default sourceLevel.
2019-04-10 19:52:02,362  WARN [org.scalaide.ui.internal.reconciliation.ScalaReconciler] - ScalaProject - Project   runs on platform default installation.
2019-04-10 19:52:02,413 ERROR [main] - org.scala-ide.sdt.core - org.scala-ide.sdt.core - org.scala-ide.sdt.core - 0 - scala.reflect.internal.MissingRequirementError: object scala in compiler mirror not found.
2019-04-10 19:52:20,951  WARN [main] - ScalaProject - Project tusMuertos has platform default sourceLevel.
2019-04-10 19:52:20,951  WARN [main] - ScalaProject - Project tusMuertos runs on platform default installation.
2019-04-10 19:52:31,660  WARN [Worker-5] - ScalaProject - Project tusMuertos has platform default sourceLevel.
2019-04-10 19:52:31,660  WARN [Worker-5] - ScalaProject - Project tusMuertos runs on platform default installation.
2019-04-10 19:52:32,045  WARN [Java indexing] - ScalaProject - Project tusMuertos has platform default sourceLevel.
2019-04-10 19:52:32,045  WARN [Java indexing] - ScalaProject - Project tusMuertos runs on platform default installation.
2019-04-10 19:52:35,693 ERROR [main] - org.scala-ide.sdt.core - org.scala-ide.sdt.core - org.scala-ide.sdt.core - 0 - An error occurred while trying to create a file.
org.eclipse.core.internal.resources.ResourceException: Resource '/tusMuertos/src/juego2048.scala' already exists.
	at org.eclipse.core.internal.resources.Resource.checkDoesNotExist(Resource.java:314)
	at org.eclipse.core.internal.resources.Resource.checkDoesNotExist(Resource.java:301)
	at org.eclipse.core.internal.resources.File.create(File.java:107)
	at org.eclipse.core.internal.resources.File.create(File.java:181)
	at org.scalaide.util.eclipse.FileUtils$.$anonfun$createFile$1(FileUtils.scala:112)
	at scala.runtime.java8.JFunction0$mcV$sp.apply(JFunction0$mcV$sp.java:12)
	at scala.util.Try$.apply(Try.scala:209)
	at org.scalaide.util.eclipse.FileUtils$.createFile(FileUtils.scala:110)
	at org.scalaide.ui.internal.wizards.NewFileWizard.$anonfun$okPressed$13(NewFileWizard.scala:284)
	at org.scalaide.ui.internal.wizards.NewFileWizard.$anonfun$okPressed$13$adapted(NewFileWizard.scala:283)
	at scala.Option.foreach(Option.scala:257)
	at org.scalaide.ui.internal.wizards.NewFileWizard.okPressed(NewFileWizard.scala:283)
	at org.scalaide.ui.internal.wizards.NewFileWizard.okPressed$(NewFileWizard.scala:230)
	at org.scalaide.ui.internal.wizards.NewFileWizardAdapter$$anon$1.okPressed(NewFileWizardAdapter.scala:28)
	at org.scalaide.ui.internal.wizards.NewFileWizardAdapter.performFinish(NewFileWizardAdapter.scala:55)
	at org.eclipse.jface.wizard.WizardDialog.finishPressed(WizardDialog.java:778)
	at org.eclipse.jface.wizard.WizardDialog.buttonPressed(WizardDialog.java:417)
	at org.eclipse.jface.dialogs.Dialog.lambda$0(Dialog.java:619)
	at org.eclipse.swt.events.SelectionListener$1.widgetSelected(SelectionListener.java:81)
	at org.eclipse.swt.widgets.TypedListener.handleEvent(TypedListener.java:249)
	at org.eclipse.swt.widgets.EventTable.sendEvent(EventTable.java:86)
	at org.eclipse.swt.widgets.Display.sendEvent(Display.java:4428)
	at org.eclipse.swt.widgets.Widget.sendEvent(Widget.java:1079)
	at org.eclipse.swt.widgets.Display.runDeferredEvents(Display.java:4238)
	at org.eclipse.swt.widgets.Display.readAndDispatch(Display.java:3817)
	at org.eclipse.ui.internal.dialogs.EventLoopProgressMonitor.runEventLoop(EventLoopProgressMonitor.java:125)
	at org.eclipse.ui.internal.dialogs.EventLoopProgressMonitor.isCanceled(EventLoopProgressMonitor.java:99)
	at org.eclipse.core.internal.jobs.ThreadJob.isCanceled(ThreadJob.java:144)
	at org.eclipse.core.internal.jobs.ThreadJob.waitForRun(ThreadJob.java:250)
	at org.eclipse.core.internal.jobs.ThreadJob.joinRun(ThreadJob.java:199)
	at org.eclipse.core.internal.jobs.ImplicitJobs.begin(ImplicitJobs.java:92)
	at org.eclipse.core.internal.jobs.JobManager.beginRule(JobManager.java:308)
	at org.eclipse.core.internal.resources.WorkManager.checkIn(WorkManager.java:121)
	at org.eclipse.core.internal.resources.Workspace.prepareOperation(Workspace.java:2188)
	at org.eclipse.core.internal.resources.File.setContents(File.java:334)
	at org.eclipse.core.internal.resources.File.setContents(File.java:434)
	at org.scalaide.ui.internal.wizards.NewFileWizard.openFileInSrcDir$1(NewFileWizard.scala:367)
	at org.scalaide.ui.internal.wizards.NewFileWizard.openEditor(NewFileWizard.scala:375)
	at org.scalaide.ui.internal.wizards.NewFileWizard.$anonfun$okPressed$13(NewFileWizard.scala:287)
	at org.scalaide.ui.internal.wizards.NewFileWizard.$anonfun$okPressed$13$adapted(NewFileWizard.scala:283)
	at scala.Option.foreach(Option.scala:257)
	at org.scalaide.ui.internal.wizards.NewFileWizard.okPressed(NewFileWizard.scala:283)
	at org.scalaide.ui.internal.wizards.NewFileWizard.okPressed$(NewFileWizard.scala:230)
	at org.scalaide.ui.internal.wizards.NewFileWizardAdapter$$anon$1.okPressed(NewFileWizardAdapter.scala:28)
	at org.scalaide.ui.internal.wizards.NewFileWizardAdapter.performFinish(NewFileWizardAdapter.scala:55)
	at org.eclipse.jface.wizard.WizardDialog.finishPressed(WizardDialog.java:778)
	at org.eclipse.jface.wizard.WizardDialog.buttonPressed(WizardDialog.java:417)
	at org.eclipse.jface.dialogs.Dialog.lambda$0(Dialog.java:619)
	at org.eclipse.swt.events.SelectionListener$1.widgetSelected(SelectionListener.java:81)
	at org.eclipse.swt.widgets.TypedListener.handleEvent(TypedListener.java:249)
	at org.eclipse.swt.widgets.EventTable.sendEvent(EventTable.java:86)
	at org.eclipse.swt.widgets.Display.sendEvent(Display.java:4428)
	at org.eclipse.swt.widgets.Widget.sendEvent(Widget.java:1079)
	at org.eclipse.swt.widgets.Display.runDeferredEvents(Display.java:4238)
	at org.eclipse.swt.widgets.Display.readAndDispatch(Display.java:3817)
	at org.eclipse.jface.window.Window.runEventLoop(Window.java:818)
	at org.eclipse.jface.window.Window.open(Window.java:794)
	at org.eclipse.ui.internal.actions.NewWizardShortcutAction.run(NewWizardShortcutAction.java:133)
	at org.eclipse.jface.action.Action.runWithEvent(Action.java:473)
	at org.eclipse.jface.action.ActionContributionItem.handleWidgetSelection(ActionContributionItem.java:565)
	at org.eclipse.jface.action.ActionContributionItem.lambda$4(ActionContributionItem.java:397)
	at org.eclipse.swt.widgets.EventTable.sendEvent(EventTable.java:86)
	at org.eclipse.swt.widgets.Display.sendEvent(Display.java:4428)
	at org.eclipse.swt.widgets.Widget.sendEvent(Widget.java:1079)
	at org.eclipse.swt.widgets.Display.runDeferredEvents(Display.java:4238)
	at org.eclipse.swt.widgets.Display.readAndDispatch(Display.java:3817)
	at org.eclipse.e4.ui.internal.workbench.swt.PartRenderingEngine$5.run(PartRenderingEngine.java:1150)
	at org.eclipse.core.databinding.observable.Realm.runWithDefault(Realm.java:336)
	at org.eclipse.e4.ui.internal.workbench.swt.PartRenderingEngine.run(PartRenderingEngine.java:1039)
	at org.eclipse.e4.ui.internal.workbench.E4Workbench.createAndRunUI(E4Workbench.java:153)
	at org.eclipse.ui.internal.Workbench.lambda$3(Workbench.java:680)
	at org.eclipse.core.databinding.observable.Realm.runWithDefault(Realm.java:336)
	at org.eclipse.ui.internal.Workbench.createAndRunWorkbench(Workbench.java:594)
	at org.eclipse.ui.PlatformUI.createAndRunWorkbench(PlatformUI.java:148)
	at org.eclipse.ui.internal.ide.application.IDEApplication.start(IDEApplication.java:151)
	at org.eclipse.equinox.internal.app.EclipseAppHandle.run(EclipseAppHandle.java:196)
	at org.eclipse.core.runtime.internal.adaptor.EclipseAppLauncher.runApplication(EclipseAppLauncher.java:134)
	at org.eclipse.core.runtime.internal.adaptor.EclipseAppLauncher.start(EclipseAppLauncher.java:104)
	at org.eclipse.core.runtime.adaptor.EclipseStarter.run(EclipseStarter.java:388)
	at org.eclipse.core.runtime.adaptor.EclipseStarter.run(EclipseStarter.java:243)
	at sun.reflect.NativeMethodAccessorImpl.invoke0(Native Method)
	at sun.reflect.NativeMethodAccessorImpl.invoke(Unknown Source)
	at sun.reflect.DelegatingMethodAccessorImpl.invoke(Unknown Source)
	at java.lang.reflect.Method.invoke(Unknown Source)
	at org.eclipse.equinox.launcher.Main.invokeFramework(Main.java:653)
	at org.eclipse.equinox.launcher.Main.basicRun(Main.java:590)
	at org.eclipse.equinox.launcher.Main.run(Main.java:1499)
2019-04-10 19:52:35,755  WARN [org.scalaide.ui.internal.reconciliation.ScalaReconciler] - ScalaProject - Project   has platform default sourceLevel.
2019-04-10 19:52:35,755  WARN [org.scalaide.ui.internal.reconciliation.ScalaReconciler] - ScalaProject - Project   runs on platform default installation.
2019-04-10 19:52:35,909 ERROR [main] - org.scala-ide.sdt.core - org.scala-ide.sdt.core - org.scala-ide.sdt.core - 0 - scala.reflect.internal.MissingRequirementError: object scala in compiler mirror not found.
2019-04-10 19:52:35,925  WARN [Worker-7] - ScalaProject - Project tusMuertos has platform default sourceLevel.
2019-04-10 19:52:35,925  WARN [Worker-7] - ScalaProject - Project tusMuertos runs on platform default installation.
2019-04-10 19:52:36,257  WARN [org.scalaide.ui.internal.reconciliation.ScalaReconciler] - ScalaProject - Project   has platform default sourceLevel.
2019-04-10 19:52:36,257  WARN [org.scalaide.ui.internal.reconciliation.ScalaReconciler] - ScalaProject - Project   runs on platform default installation.
2019-04-10 19:52:36,279 ERROR [main] - org.scala-ide.sdt.core - org.scala-ide.sdt.core - org.scala-ide.sdt.core - 0 - scala.reflect.internal.MissingRequirementError: object scala in compiler mirror not found.
2019-04-10 19:53:14,346  WARN [org.scalaide.ui.internal.reconciliation.ScalaReconciler] - ScalaProject - Project tusMuertos has platform default sourceLevel.
2019-04-10 19:53:14,346  WARN [org.scalaide.ui.internal.reconciliation.ScalaReconciler] - ScalaProject - Project tusMuertos runs on platform default installation.
2019-04-10 19:53:14,346  WARN [org.scalaide.ui.internal.reconciliation.ScalaReconciler] - ScalaProject - Project tusMuertos has platform default sourceLevel.
2019-04-10 19:53:14,346  WARN [org.scalaide.ui.internal.reconciliation.ScalaReconciler] - ScalaProject - Project tusMuertos runs on platform default installation.
2019-04-10 19:53:14,361  WARN [org.scalaide.ui.internal.reconciliation.ScalaReconciler] - ScalaProject - Project tusMuertos has platform default sourceLevel.
2019-04-10 19:53:14,361  WARN [org.scalaide.ui.internal.reconciliation.ScalaReconciler] - ScalaProject - Project tusMuertos runs on platform default installation.
2019-04-10 19:53:14,368  WARN [org.scalaide.ui.internal.reconciliation.ScalaReconciler] - ScalaProject - Project tusMuertos has platform default sourceLevel.
2019-04-10 19:53:14,368  WARN [org.scalaide.ui.internal.reconciliation.ScalaReconciler] - ScalaProject - Project tusMuertos runs on platform default installation.
2019-04-10 19:53:14,368  WARN [org.scalaide.ui.internal.reconciliation.ScalaReconciler] - ScalaProject - Project tusMuertos has platform default sourceLevel.
2019-04-10 19:53:14,368  WARN [org.scalaide.ui.internal.reconciliation.ScalaReconciler] - ScalaProject - Project tusMuertos runs on platform default installation.
2019-04-10 19:53:14,368  WARN [org.scalaide.ui.internal.reconciliation.ScalaReconciler] - ScalaProject - Project tusMuertos has platform default sourceLevel.
2019-04-10 19:53:14,368  WARN [org.scalaide.ui.internal.reconciliation.ScalaReconciler] - ScalaProject - Project tusMuertos runs on platform default installation.
2019-04-10 19:53:14,515 ERROR [main] - org.scala-ide.sdt.core - org.scala-ide.sdt.core - org.scala-ide.sdt.core - 0 - Error thrown while initializing the presentation compiler.
Java Model Exception: Java Model Status [tusMuertos does not exist]
	at org.eclipse.jdt.internal.core.JavaElement.newNotPresentException(JavaElement.java:556)
	at org.eclipse.jdt.internal.core.JavaModelManager.getPerProjectInfoCheckExistence(JavaModelManager.java:2451)
	at org.eclipse.jdt.internal.core.JavaProject.getPerProjectInfo(JavaProject.java:1903)
	at org.eclipse.jdt.internal.core.JavaProject.getRawClasspath(JavaProject.java:1925)
	at org.scalaide.core.internal.project.ClasspathManagement.jdkPaths(ClasspathManagement.scala:149)
	at org.scalaide.core.internal.project.ClasspathManagement.jdkPaths$(ClasspathManagement.scala:148)
	at org.scalaide.core.internal.project.ScalaProject.jdkPaths(ScalaProject.scala:150)
	at org.scalaide.core.internal.project.ClasspathManagement.scalaClasspath(ClasspathManagement.scala:136)
	at org.scalaide.core.internal.project.ClasspathManagement.scalaClasspath$(ClasspathManagement.scala:135)
	at org.scalaide.core.internal.project.ScalaProject.scalaClasspath(ScalaProject.scala:150)
	at org.scalaide.core.internal.project.ScalaProject.setupCompilerClasspath(ScalaProject.scala:498)
	at org.scalaide.core.internal.project.ScalaProject.initializeCompilerSettings(ScalaProject.scala:485)
	at org.scalaide.core.internal.project.ScalaProject.prepareCompilerSettings(ScalaProject.scala:438)
	at org.scalaide.core.internal.project.ScalaProject.$anonfun$presentationCompiler$1(ScalaProject.scala:162)
	at org.scalaide.core.internal.compiler.PresentationCompilerProxy.liftedTree1$1(PresentationCompilerProxy.scala:154)
	at org.scalaide.core.internal.compiler.PresentationCompilerProxy.create(PresentationCompilerProxy.scala:153)
	at org.scalaide.core.internal.compiler.PresentationCompilerProxy.initialize(PresentationCompilerProxy.scala:118)
	at org.scalaide.core.internal.compiler.PresentationCompilerProxy.obtainPc$1(PresentationCompilerProxy.scala:80)
	at org.scalaide.core.internal.compiler.PresentationCompilerProxy.internal(PresentationCompilerProxy.scala:100)
	at org.scalaide.core.internal.compiler.PresentationCompilerProxy.apply(PresentationCompilerProxy.scala:58)
	at org.scalaide.core.compiler.InteractiveCompilationUnit.forceReconcile(InteractiveCompilationUnit.scala:150)
	at org.scalaide.core.compiler.InteractiveCompilationUnit.forceReconcile$(InteractiveCompilationUnit.scala:149)
	at org.scalaide.core.internal.jdt.model.ScalaSourceFile.forceReconcile(ScalaSourceFile.scala:71)
	at org.scalaide.ui.internal.reconciliation.ScalaReconcilingStrategy.handleReconciliation(ScalaReconcilingStrategy.scala:54)
	at org.scalaide.ui.internal.reconciliation.ScalaReconcilingStrategy.reconcile(ScalaReconcilingStrategy.scala:39)
	at org.eclipse.jdt.internal.ui.text.CompositeReconcilingStrategy.reconcile(CompositeReconcilingStrategy.java:77)
	at org.eclipse.jface.text.reconciler.MonoReconciler.process(MonoReconciler.java:69)
	at org.eclipse.jface.text.reconciler.AbstractReconciler$BackgroundThread.run(AbstractReconciler.java:207)
2019-04-10 19:53:14,531 ERROR [main] - org.scala-ide.sdt.core - org.scala-ide.sdt.core - org.scala-ide.sdt.core - 0 - Error thrown while initializing the presentation compiler.
Java Model Exception: Java Model Status [tusMuertos does not exist]
	at org.eclipse.jdt.internal.core.JavaElement.newNotPresentException(JavaElement.java:556)
	at org.eclipse.jdt.internal.core.JavaModelManager.getPerProjectInfoCheckExistence(JavaModelManager.java:2451)
	at org.eclipse.jdt.internal.core.JavaProject.getPerProjectInfo(JavaProject.java:1903)
	at org.eclipse.jdt.internal.core.JavaProject.getRawClasspath(JavaProject.java:1925)
	at org.scalaide.core.internal.project.ClasspathManagement.jdkPaths(ClasspathManagement.scala:149)
	at org.scalaide.core.internal.project.ClasspathManagement.jdkPaths$(ClasspathManagement.scala:148)
	at org.scalaide.core.internal.project.ScalaProject.jdkPaths(ScalaProject.scala:150)
	at org.scalaide.core.internal.project.ClasspathManagement.scalaClasspath(ClasspathManagement.scala:136)
	at org.scalaide.core.internal.project.ClasspathManagement.scalaClasspath$(ClasspathManagement.scala:135)
	at org.scalaide.core.internal.project.ScalaProject.scalaClasspath(ScalaProject.scala:150)
	at org.scalaide.core.internal.project.ScalaProject.setupCompilerClasspath(ScalaProject.scala:498)
	at org.scalaide.core.internal.project.ScalaProject.initializeCompilerSettings(ScalaProject.scala:485)
	at org.scalaide.core.internal.project.ScalaProject.prepareCompilerSettings(ScalaProject.scala:438)
	at org.scalaide.core.internal.project.ScalaProject.$anonfun$presentationCompiler$1(ScalaProject.scala:162)
	at org.scalaide.core.internal.compiler.PresentationCompilerProxy.liftedTree1$1(PresentationCompilerProxy.scala:154)
	at org.scalaide.core.internal.compiler.PresentationCompilerProxy.create(PresentationCompilerProxy.scala:153)
	at org.scalaide.core.internal.compiler.PresentationCompilerProxy.initialize(PresentationCompilerProxy.scala:118)
	at org.scalaide.core.internal.compiler.PresentationCompilerProxy.obtainPc$1(PresentationCompilerProxy.scala:80)
	at org.scalaide.core.internal.compiler.PresentationCompilerProxy.internal(PresentationCompilerProxy.scala:100)
	at org.scalaide.core.internal.compiler.PresentationCompilerProxy.apply(PresentationCompilerProxy.scala:58)
	at org.scalaide.core.compiler.InteractiveCompilationUnit.currentProblems(InteractiveCompilationUnit.scala:183)
	at org.scalaide.core.compiler.InteractiveCompilationUnit.currentProblems$(InteractiveCompilationUnit.scala:180)
	at org.scalaide.core.internal.jdt.model.ScalaSourceFile.currentProblems(ScalaSourceFile.scala:71)
	at org.scalaide.core.compiler.InteractiveCompilationUnit.forceReconcile(InteractiveCompilationUnit.scala:151)
	at org.scalaide.core.compiler.InteractiveCompilationUnit.forceReconcile$(InteractiveCompilationUnit.scala:149)
	at org.scalaide.core.internal.jdt.model.ScalaSourceFile.forceReconcile(ScalaSourceFile.scala:71)
	at org.scalaide.ui.internal.reconciliation.ScalaReconcilingStrategy.handleReconciliation(ScalaReconcilingStrategy.scala:54)
	at org.scalaide.ui.internal.reconciliation.ScalaReconcilingStrategy.reconcile(ScalaReconcilingStrategy.scala:39)
	at org.eclipse.jdt.internal.ui.text.CompositeReconcilingStrategy.reconcile(CompositeReconcilingStrategy.java:77)
	at org.eclipse.jface.text.reconciler.MonoReconciler.process(MonoReconciler.java:69)
	at org.eclipse.jface.text.reconciler.AbstractReconciler$BackgroundThread.run(AbstractReconciler.java:207)
2019-04-10 19:53:14,531 ERROR [main] - org.scala-ide.sdt.core - org.scala-ide.sdt.core - org.scala-ide.sdt.core - 0 - Error thrown while initializing the presentation compiler.
Java Model Exception: Java Model Status [tusMuertos does not exist]
	at org.eclipse.jdt.internal.core.JavaElement.newNotPresentException(JavaElement.java:556)
	at org.eclipse.jdt.internal.core.JavaModelManager.getPerProjectInfoCheckExistence(JavaModelManager.java:2451)
	at org.eclipse.jdt.internal.core.JavaProject.getPerProjectInfo(JavaProject.java:1903)
	at org.eclipse.jdt.internal.core.JavaProject.getRawClasspath(JavaProject.java:1925)
	at org.scalaide.core.internal.project.ClasspathManagement.jdkPaths(ClasspathManagement.scala:149)
	at org.scalaide.core.internal.project.ClasspathManagement.jdkPaths$(ClasspathManagement.scala:148)
	at org.scalaide.core.internal.project.ScalaProject.jdkPaths(ScalaProject.scala:150)
	at org.scalaide.core.internal.project.ClasspathManagement.scalaClasspath(ClasspathManagement.scala:136)
	at org.scalaide.core.internal.project.ClasspathManagement.scalaClasspath$(ClasspathManagement.scala:135)
	at org.scalaide.core.internal.project.ScalaProject.scalaClasspath(ScalaProject.scala:150)
	at org.scalaide.core.internal.project.ScalaProject.setupCompilerClasspath(ScalaProject.scala:498)
	at org.scalaide.core.internal.project.ScalaProject.initializeCompilerSettings(ScalaProject.scala:485)
	at org.scalaide.core.internal.project.ScalaProject.prepareCompilerSettings(ScalaProject.scala:438)
	at org.scalaide.core.internal.project.ScalaProject.$anonfun$presentationCompiler$1(ScalaProject.scala:162)
	at org.scalaide.core.internal.compiler.PresentationCompilerProxy.liftedTree1$1(PresentationCompilerProxy.scala:154)
	at org.scalaide.core.internal.compiler.PresentationCompilerProxy.create(PresentationCompilerProxy.scala:153)
	at org.scalaide.core.internal.compiler.PresentationCompilerProxy.initialize(PresentationCompilerProxy.scala:118)
	at org.scalaide.core.internal.compiler.PresentationCompilerProxy.obtainPc$1(PresentationCompilerProxy.scala:80)
	at org.scalaide.core.internal.compiler.PresentationCompilerProxy.internal(PresentationCompilerProxy.scala:100)
	at org.scalaide.ui.internal.editor.decorators.BaseSemanticAction.apply(BaseSemanticAction.scala:139)
	at org.scalaide.ui.internal.editor.ScalaSourceFileEditor$$anon$3.$anonfun$reconciled$3(ScalaSourceFileEditor.scala:105)
	at scala.runtime.java8.JFunction0$mcV$sp.apply(JFunction0$mcV$sp.java:12)
	at org.scalaide.util.eclipse.EclipseUtils$$anon$3.run(EclipseUtils.scala:230)
	at org.eclipse.core.runtime.SafeRunner.run(SafeRunner.java:42)
	at org.scalaide.util.eclipse.EclipseUtils$.withSafeRunner(EclipseUtils.scala:226)
	at org.scalaide.ui.internal.editor.ScalaSourceFileEditor$$anon$3.$anonfun$reconciled$1(ScalaSourceFileEditor.scala:105)
	at scala.collection.mutable.ArraySeq.foreach(ArraySeq.scala:74)
	at org.scalaide.ui.internal.editor.ScalaSourceFileEditor$$anon$3.reconciled(ScalaSourceFileEditor.scala:103)
	at org.scalaide.ui.internal.editor.ScalaSourceFileEditor$ReconcilingListeners.$anonfun$reconciled$5(ScalaSourceFileEditor.scala:478)
	at org.scalaide.ui.internal.editor.ScalaSourceFileEditor$ReconcilingListeners.$anonfun$reconciled$5$adapted(ScalaSourceFileEditor.scala:478)
	at scala.collection.immutable.List.foreach(List.scala:389)
	at org.scalaide.ui.internal.editor.ScalaSourceFileEditor$ReconcilingListeners.reconciled(ScalaSourceFileEditor.scala:478)
	at org.scalaide.ui.internal.editor.ScalaSourceFileEditor.reconciled(ScalaSourceFileEditor.scala:379)
	at org.scalaide.ui.internal.reconciliation.ScalaReconcilingStrategy.$anonfun$handleReconciliation$2(ScalaReconcilingStrategy.scala:65)
	at org.scalaide.ui.internal.reconciliation.ScalaReconcilingStrategy.$anonfun$handleReconciliation$2$adapted(ScalaReconcilingStrategy.scala:65)
	at scala.Option.foreach(Option.scala:257)
	at org.scalaide.ui.internal.reconciliation.ScalaReconcilingStrategy.handleReconciliation(ScalaReconcilingStrategy.scala:65)
	at org.scalaide.ui.internal.reconciliation.ScalaReconcilingStrategy.reconcile(ScalaReconcilingStrategy.scala:39)
	at org.eclipse.jdt.internal.ui.text.CompositeReconcilingStrategy.reconcile(CompositeReconcilingStrategy.java:77)
	at org.eclipse.jface.text.reconciler.MonoReconciler.process(MonoReconciler.java:69)
	at org.eclipse.jface.text.reconciler.AbstractReconciler$BackgroundThread.run(AbstractReconciler.java:207)
2019-04-10 19:53:14,531 ERROR [main] - org.scala-ide.sdt.core - org.scala-ide.sdt.core - org.scala-ide.sdt.core - 0 - Error thrown while initializing the presentation compiler.
Java Model Exception: Java Model Status [tusMuertos does not exist]
	at org.eclipse.jdt.internal.core.JavaElement.newNotPresentException(JavaElement.java:556)
	at org.eclipse.jdt.internal.core.JavaModelManager.getPerProjectInfoCheckExistence(JavaModelManager.java:2451)
	at org.eclipse.jdt.internal.core.JavaProject.getPerProjectInfo(JavaProject.java:1903)
	at org.eclipse.jdt.internal.core.JavaProject.getRawClasspath(JavaProject.java:1925)
	at org.scalaide.core.internal.project.ClasspathManagement.jdkPaths(ClasspathManagement.scala:149)
	at org.scalaide.core.internal.project.ClasspathManagement.jdkPaths$(ClasspathManagement.scala:148)
	at org.scalaide.core.internal.project.ScalaProject.jdkPaths(ScalaProject.scala:150)
	at org.scalaide.core.internal.project.ClasspathManagement.scalaClasspath(ClasspathManagement.scala:136)
	at org.scalaide.core.internal.project.ClasspathManagement.scalaClasspath$(ClasspathManagement.scala:135)
	at org.scalaide.core.internal.project.ScalaProject.scalaClasspath(ScalaProject.scala:150)
	at org.scalaide.core.internal.project.ScalaProject.setupCompilerClasspath(ScalaProject.scala:498)
	at org.scalaide.core.internal.project.ScalaProject.initializeCompilerSettings(ScalaProject.scala:485)
	at org.scalaide.core.internal.project.ScalaProject.prepareCompilerSettings(ScalaProject.scala:438)
	at org.scalaide.core.internal.project.ScalaProject.$anonfun$presentationCompiler$1(ScalaProject.scala:162)
	at org.scalaide.core.internal.compiler.PresentationCompilerProxy.liftedTree1$1(PresentationCompilerProxy.scala:154)
	at org.scalaide.core.internal.compiler.PresentationCompilerProxy.create(PresentationCompilerProxy.scala:153)
	at org.scalaide.core.internal.compiler.PresentationCompilerProxy.initialize(PresentationCompilerProxy.scala:118)
	at org.scalaide.core.internal.compiler.PresentationCompilerProxy.obtainPc$1(PresentationCompilerProxy.scala:80)
	at org.scalaide.core.internal.compiler.PresentationCompilerProxy.internal(PresentationCompilerProxy.scala:100)
	at org.scalaide.ui.internal.editor.decorators.BaseSemanticAction.apply(BaseSemanticAction.scala:139)
	at org.scalaide.ui.internal.editor.ScalaSourceFileEditor$$anon$3.$anonfun$reconciled$3(ScalaSourceFileEditor.scala:105)
	at scala.runtime.java8.JFunction0$mcV$sp.apply(JFunction0$mcV$sp.java:12)
	at org.scalaide.util.eclipse.EclipseUtils$$anon$3.run(EclipseUtils.scala:230)
	at org.eclipse.core.runtime.SafeRunner.run(SafeRunner.java:42)
	at org.scalaide.util.eclipse.EclipseUtils$.withSafeRunner(EclipseUtils.scala:226)
	at org.scalaide.ui.internal.editor.ScalaSourceFileEditor$$anon$3.$anonfun$reconciled$1(ScalaSourceFileEditor.scala:105)
	at scala.collection.mutable.ArraySeq.foreach(ArraySeq.scala:74)
	at org.scalaide.ui.internal.editor.ScalaSourceFileEditor$$anon$3.reconciled(ScalaSourceFileEditor.scala:103)
	at org.scalaide.ui.internal.editor.ScalaSourceFileEditor$ReconcilingListeners.$anonfun$reconciled$5(ScalaSourceFileEditor.scala:478)
	at org.scalaide.ui.internal.editor.ScalaSourceFileEditor$ReconcilingListeners.$anonfun$reconciled$5$adapted(ScalaSourceFileEditor.scala:478)
	at scala.collection.immutable.List.foreach(List.scala:389)
	at org.scalaide.ui.internal.editor.ScalaSourceFileEditor$ReconcilingListeners.reconciled(ScalaSourceFileEditor.scala:478)
	at org.scalaide.ui.internal.editor.ScalaSourceFileEditor.reconciled(ScalaSourceFileEditor.scala:379)
	at org.scalaide.ui.internal.reconciliation.ScalaReconcilingStrategy.$anonfun$handleReconciliation$2(ScalaReconcilingStrategy.scala:65)
	at org.scalaide.ui.internal.reconciliation.ScalaReconcilingStrategy.$anonfun$handleReconciliation$2$adapted(ScalaReconcilingStrategy.scala:65)
	at scala.Option.foreach(Option.scala:257)
	at org.scalaide.ui.internal.reconciliation.ScalaReconcilingStrategy.handleReconciliation(ScalaReconcilingStrategy.scala:65)
	at org.scalaide.ui.internal.reconciliation.ScalaReconcilingStrategy.reconcile(ScalaReconcilingStrategy.scala:39)
	at org.eclipse.jdt.internal.ui.text.CompositeReconcilingStrategy.reconcile(CompositeReconcilingStrategy.java:77)
	at org.eclipse.jface.text.reconciler.MonoReconciler.process(MonoReconciler.java:69)
	at org.eclipse.jface.text.reconciler.AbstractReconciler$BackgroundThread.run(AbstractReconciler.java:207)
2019-04-10 19:53:14,546 ERROR [main] - org.scala-ide.sdt.core - org.scala-ide.sdt.core - org.scala-ide.sdt.core - 0 - Error thrown while initializing the presentation compiler.
Java Model Exception: Java Model Status [tusMuertos does not exist]
	at org.eclipse.jdt.internal.core.JavaElement.newNotPresentException(JavaElement.java:556)
	at org.eclipse.jdt.internal.core.JavaModelManager.getPerProjectInfoCheckExistence(JavaModelManager.java:2451)
	at org.eclipse.jdt.internal.core.JavaProject.getPerProjectInfo(JavaProject.java:1903)
	at org.eclipse.jdt.internal.core.JavaProject.getRawClasspath(JavaProject.java:1925)
	at org.scalaide.core.internal.project.ClasspathManagement.jdkPaths(ClasspathManagement.scala:149)
	at org.scalaide.core.internal.project.ClasspathManagement.jdkPaths$(ClasspathManagement.scala:148)
	at org.scalaide.core.internal.project.ScalaProject.jdkPaths(ScalaProject.scala:150)
	at org.scalaide.core.internal.project.ClasspathManagement.scalaClasspath(ClasspathManagement.scala:136)
	at org.scalaide.core.internal.project.ClasspathManagement.scalaClasspath$(ClasspathManagement.scala:135)
	at org.scalaide.core.internal.project.ScalaProject.scalaClasspath(ScalaProject.scala:150)
	at org.scalaide.core.internal.project.ScalaProject.setupCompilerClasspath(ScalaProject.scala:498)
	at org.scalaide.core.internal.project.ScalaProject.initializeCompilerSettings(ScalaProject.scala:485)
	at org.scalaide.core.internal.project.ScalaProject.prepareCompilerSettings(ScalaProject.scala:438)
	at org.scalaide.core.internal.project.ScalaProject.$anonfun$presentationCompiler$1(ScalaProject.scala:162)
	at org.scalaide.core.internal.compiler.PresentationCompilerProxy.liftedTree1$1(PresentationCompilerProxy.scala:154)
	at org.scalaide.core.internal.compiler.PresentationCompilerProxy.create(PresentationCompilerProxy.scala:153)
	at org.scalaide.core.internal.compiler.PresentationCompilerProxy.initialize(PresentationCompilerProxy.scala:118)
	at org.scalaide.core.internal.compiler.PresentationCompilerProxy.obtainPc$1(PresentationCompilerProxy.scala:80)
	at org.scalaide.core.internal.compiler.PresentationCompilerProxy.internal(PresentationCompilerProxy.scala:100)
	at org.scalaide.ui.internal.editor.decorators.BaseSemanticAction.apply(BaseSemanticAction.scala:139)
	at org.scalaide.ui.internal.editor.ScalaSourceFileEditor$$anon$3.$anonfun$reconciled$3(ScalaSourceFileEditor.scala:105)
	at scala.runtime.java8.JFunction0$mcV$sp.apply(JFunction0$mcV$sp.java:12)
	at org.scalaide.util.eclipse.EclipseUtils$$anon$3.run(EclipseUtils.scala:230)
	at org.eclipse.core.runtime.SafeRunner.run(SafeRunner.java:42)
	at org.scalaide.util.eclipse.EclipseUtils$.withSafeRunner(EclipseUtils.scala:226)
	at org.scalaide.ui.internal.editor.ScalaSourceFileEditor$$anon$3.$anonfun$reconciled$1(ScalaSourceFileEditor.scala:105)
	at scala.collection.mutable.ArraySeq.foreach(ArraySeq.scala:74)
	at org.scalaide.ui.internal.editor.ScalaSourceFileEditor$$anon$3.reconciled(ScalaSourceFileEditor.scala:103)
	at org.scalaide.ui.internal.editor.ScalaSourceFileEditor$ReconcilingListeners.$anonfun$reconciled$5(ScalaSourceFileEditor.scala:478)
	at org.scalaide.ui.internal.editor.ScalaSourceFileEditor$ReconcilingListeners.$anonfun$reconciled$5$adapted(ScalaSourceFileEditor.scala:478)
	at scala.collection.immutable.List.foreach(List.scala:389)
	at org.scalaide.ui.internal.editor.ScalaSourceFileEditor$ReconcilingListeners.reconciled(ScalaSourceFileEditor.scala:478)
	at org.scalaide.ui.internal.editor.ScalaSourceFileEditor.reconciled(ScalaSourceFileEditor.scala:379)
	at org.scalaide.ui.internal.reconciliation.ScalaReconcilingStrategy.$anonfun$handleReconciliation$2(ScalaReconcilingStrategy.scala:65)
	at org.scalaide.ui.internal.reconciliation.ScalaReconcilingStrategy.$anonfun$handleReconciliation$2$adapted(ScalaReconcilingStrategy.scala:65)
	at scala.Option.foreach(Option.scala:257)
	at org.scalaide.ui.internal.reconciliation.ScalaReconcilingStrategy.handleReconciliation(ScalaReconcilingStrategy.scala:65)
	at org.scalaide.ui.internal.reconciliation.ScalaReconcilingStrategy.reconcile(ScalaReconcilingStrategy.scala:39)
	at org.eclipse.jdt.internal.ui.text.CompositeReconcilingStrategy.reconcile(CompositeReconcilingStrategy.java:77)
	at org.eclipse.jface.text.reconciler.MonoReconciler.process(MonoReconciler.java:69)
	at org.eclipse.jface.text.reconciler.AbstractReconciler$BackgroundThread.run(AbstractReconciler.java:207)
2019-04-10 19:53:14,546 ERROR [main] - org.scala-ide.sdt.core - org.scala-ide.sdt.core - org.scala-ide.sdt.core - 0 - Error thrown while initializing the presentation compiler.
Java Model Exception: Java Model Status [tusMuertos does not exist]
	at org.eclipse.jdt.internal.core.JavaElement.newNotPresentException(JavaElement.java:556)
	at org.eclipse.jdt.internal.core.JavaModelManager.getPerProjectInfoCheckExistence(JavaModelManager.java:2451)
	at org.eclipse.jdt.internal.core.JavaProject.getPerProjectInfo(JavaProject.java:1903)
	at org.eclipse.jdt.internal.core.JavaProject.getRawClasspath(JavaProject.java:1925)
	at org.scalaide.core.internal.project.ClasspathManagement.jdkPaths(ClasspathManagement.scala:149)
	at org.scalaide.core.internal.project.ClasspathManagement.jdkPaths$(ClasspathManagement.scala:148)
	at org.scalaide.core.internal.project.ScalaProject.jdkPaths(ScalaProject.scala:150)
	at org.scalaide.core.internal.project.ClasspathManagement.scalaClasspath(ClasspathManagement.scala:136)
	at org.scalaide.core.internal.project.ClasspathManagement.scalaClasspath$(ClasspathManagement.scala:135)
	at org.scalaide.core.internal.project.ScalaProject.scalaClasspath(ScalaProject.scala:150)
	at org.scalaide.core.internal.project.ScalaProject.setupCompilerClasspath(ScalaProject.scala:498)
	at org.scalaide.core.internal.project.ScalaProject.initializeCompilerSettings(ScalaProject.scala:485)
	at org.scalaide.core.internal.project.ScalaProject.prepareCompilerSettings(ScalaProject.scala:438)
	at org.scalaide.core.internal.project.ScalaProject.$anonfun$presentationCompiler$1(ScalaProject.scala:162)
	at org.scalaide.core.internal.compiler.PresentationCompilerProxy.liftedTree1$1(PresentationCompilerProxy.scala:154)
	at org.scalaide.core.internal.compiler.PresentationCompilerProxy.create(PresentationCompilerProxy.scala:153)
	at org.scalaide.core.internal.compiler.PresentationCompilerProxy.initialize(PresentationCompilerProxy.scala:118)
	at org.scalaide.core.internal.compiler.PresentationCompilerProxy.obtainPc$1(PresentationCompilerProxy.scala:80)
	at org.scalaide.core.internal.compiler.PresentationCompilerProxy.internal(PresentationCompilerProxy.scala:100)
	at org.scalaide.core.internal.compiler.PresentationCompilerProxy.apply(PresentationCompilerProxy.scala:58)
	at org.scalaide.ui.internal.editor.outline.ScalaOutlineReconcilingStrategy.updateOutlineView(ScalaOutlineReconcilingStrategy.scala:34)
	at org.scalaide.ui.internal.editor.outline.ScalaOutlineReconcilingStrategy.reconcile(ScalaOutlineReconcilingStrategy.scala:19)
	at org.eclipse.jdt.internal.ui.text.CompositeReconcilingStrategy.reconcile(CompositeReconcilingStrategy.java:77)
	at org.eclipse.jface.text.reconciler.MonoReconciler.process(MonoReconciler.java:69)
	at org.eclipse.jface.text.reconciler.AbstractReconciler$BackgroundThread.run(AbstractReconciler.java:207)
2019-04-10 19:53:17,094  WARN [org.scalaide.ui.internal.reconciliation.ScalaReconciler] - ScalaProject - Project   has platform default sourceLevel.
2019-04-10 19:53:17,094  WARN [org.scalaide.ui.internal.reconciliation.ScalaReconciler] - ScalaProject - Project   runs on platform default installation.
2019-04-10 19:53:17,225 ERROR [main] - org.scala-ide.sdt.core - org.scala-ide.sdt.core - org.scala-ide.sdt.core - 0 - scala.reflect.internal.MissingRequirementError: object scala in compiler mirror not found.
2019-04-10 19:53:27,919  WARN [main] - ScalaProject - Project   has platform default sourceLevel.
2019-04-10 19:53:27,919  WARN [main] - ScalaProject - Project   runs on platform default installation.
2019-04-10 19:53:28,182 ERROR [main] - org.scala-ide.sdt.core - org.scala-ide.sdt.core - org.scala-ide.sdt.core - 0 - scala.reflect.internal.MissingRequirementError: object scala in compiler mirror not found.
2019-04-10 19:53:28,498  WARN [org.scalaide.ui.internal.reconciliation.ScalaReconciler] - ScalaProject - Project   has platform default sourceLevel.
2019-04-10 19:53:28,498  WARN [org.scalaide.ui.internal.reconciliation.ScalaReconciler] - ScalaProject - Project   runs on platform default installation.
2019-04-10 19:53:28,536 ERROR [main] - org.scala-ide.sdt.core - org.scala-ide.sdt.core - org.scala-ide.sdt.core - 0 - scala.reflect.internal.MissingRequirementError: object scala in compiler mirror not found.
2019-04-10 19:53:29,538  WARN [org.scalaide.ui.internal.reconciliation.ScalaReconciler] - ScalaProject - Project   has platform default sourceLevel.
2019-04-10 19:53:29,538  WARN [org.scalaide.ui.internal.reconciliation.ScalaReconciler] - ScalaProject - Project   runs on platform default installation.
2019-04-10 19:53:29,569 ERROR [main] - org.scala-ide.sdt.core - org.scala-ide.sdt.core - org.scala-ide.sdt.core - 0 - scala.reflect.internal.MissingRequirementError: object scala in compiler mirror not found.
2019-04-10 19:53:30,054  WARN [org.scalaide.ui.internal.reconciliation.ScalaReconciler] - ScalaProject - Project   has platform default sourceLevel.
2019-04-10 19:53:30,054  WARN [org.scalaide.ui.internal.reconciliation.ScalaReconciler] - ScalaProject - Project   runs on platform default installation.
2019-04-10 19:53:30,054 ERROR [main] - org.scala-ide.sdt.core - org.scala-ide.sdt.core - org.scala-ide.sdt.core - 0 - scala.reflect.internal.MissingRequirementError: object scala in compiler mirror not found.
2019-04-10 19:53:40,597  WARN [org.scalaide.ui.internal.reconciliation.ScalaReconciler] - ScalaProject - Project   has platform default sourceLevel.
2019-04-10 19:53:40,597  WARN [org.scalaide.ui.internal.reconciliation.ScalaReconciler] - ScalaProject - Project   runs on platform default installation.
2019-04-10 19:53:40,635 ERROR [main] - org.scala-ide.sdt.core - org.scala-ide.sdt.core - org.scala-ide.sdt.core - 0 - scala.reflect.internal.MissingRequirementError: object scala in compiler mirror not found.
2019-04-10 19:53:41,114  WARN [org.scalaide.ui.internal.reconciliation.ScalaReconciler] - ScalaProject - Project   has platform default sourceLevel.
2019-04-10 19:53:41,114  WARN [org.scalaide.ui.internal.reconciliation.ScalaReconciler] - ScalaProject - Project   runs on platform default installation.
2019-04-10 19:53:41,252 ERROR [main] - org.scala-ide.sdt.core - org.scala-ide.sdt.core - org.scala-ide.sdt.core - 0 - scala.reflect.internal.MissingRequirementError: object scala in compiler mirror not found.
2019-04-10 19:53:46,173  WARN [org.scalaide.ui.internal.reconciliation.ScalaReconciler] - ScalaProject - Project   has platform default sourceLevel.
2019-04-10 19:53:46,173  WARN [org.scalaide.ui.internal.reconciliation.ScalaReconciler] - ScalaProject - Project   runs on platform default installation.
2019-04-10 19:53:46,205 ERROR [main] - org.scala-ide.sdt.core - org.scala-ide.sdt.core - org.scala-ide.sdt.core - 0 - scala.reflect.internal.MissingRequirementError: object scala in compiler mirror not found.
2019-04-10 19:53:46,691  WARN [org.scalaide.ui.internal.reconciliation.ScalaReconciler] - ScalaProject - Project   has platform default sourceLevel.
2019-04-10 19:53:46,691  WARN [org.scalaide.ui.internal.reconciliation.ScalaReconciler] - ScalaProject - Project   runs on platform default installation.
2019-04-10 19:53:46,722 ERROR [main] - org.scala-ide.sdt.core - org.scala-ide.sdt.core - org.scala-ide.sdt.core - 0 - scala.reflect.internal.MissingRequirementError: object scala in compiler mirror not found.
2019-04-10 19:53:58,262  WARN [org.scalaide.ui.internal.reconciliation.ScalaReconciler] - ScalaProject - Project   has platform default sourceLevel.
2019-04-10 19:53:58,262  WARN [org.scalaide.ui.internal.reconciliation.ScalaReconciler] - ScalaProject - Project   runs on platform default installation.
2019-04-10 19:53:58,432 ERROR [main] - org.scala-ide.sdt.core - org.scala-ide.sdt.core - org.scala-ide.sdt.core - 0 - scala.reflect.internal.MissingRequirementError: object scala in compiler mirror not found.
2019-04-10 20:05:22,370  WARN [main] - ScalaProject - Project   has platform default sourceLevel.
2019-04-10 20:05:22,370  WARN [main] - ScalaProject - Project   runs on platform default installation.
2019-04-10 20:05:24,391  WARN [org.scalaide.ui.internal.reconciliation.ScalaReconciler] - ScalaProject - Project   has platform default sourceLevel.
2019-04-10 20:05:24,391  WARN [org.scalaide.ui.internal.reconciliation.ScalaReconciler] - ScalaProject - Project   runs on platform default installation.
2019-04-10 20:05:25,473  WARN [org.scalaide.ui.internal.reconciliation.ScalaReconciler] - ScalaProject - Project   has platform default sourceLevel.
2019-04-10 20:05:25,473  WARN [org.scalaide.ui.internal.reconciliation.ScalaReconciler] - ScalaProject - Project   runs on platform default installation.
2019-04-10 20:05:25,473 ERROR [main] - org.scala-ide.sdt.core - org.scala-ide.sdt.core - org.scala-ide.sdt.core - 0 - scala.reflect.internal.MissingRequirementError: object scala in compiler mirror not found.
2019-04-10 20:05:25,514 ERROR [main] - org.scala-ide.sdt.core - org.scala-ide.sdt.core - org.scala-ide.sdt.core - 0 - scala.reflect.internal.MissingRequirementError: object scala in compiler mirror not found.
2019-04-10 20:05:25,554 ERROR [main] - org.scala-ide.sdt.core - org.scala-ide.sdt.core - org.scala-ide.sdt.core - 0 - scala.reflect.internal.MissingRequirementError: object scala in compiler mirror not found.
2019-04-10 20:05:26,017  WARN [org.scalaide.ui.internal.reconciliation.ScalaReconciler] - ScalaProject - Project   has platform default sourceLevel.
2019-04-10 20:05:26,017  WARN [org.scalaide.ui.internal.reconciliation.ScalaReconciler] - ScalaProject - Project   runs on platform default installation.
2019-04-10 20:05:26,048 ERROR [main] - org.scala-ide.sdt.core - org.scala-ide.sdt.core - org.scala-ide.sdt.core - 0 - scala.reflect.internal.MissingRequirementError: object scala in compiler mirror not found.
2019-04-10 20:06:12,466  WARN [org.scalaide.ui.internal.reconciliation.ScalaReconciler] - ScalaProject - Project   has platform default sourceLevel.
2019-04-10 20:06:12,466  WARN [org.scalaide.ui.internal.reconciliation.ScalaReconciler] - ScalaProject - Project   runs on platform default installation.
2019-04-10 20:06:12,519 ERROR [main] - org.scala-ide.sdt.core - org.scala-ide.sdt.core - org.scala-ide.sdt.core - 0 - scala.reflect.internal.MissingRequirementError: object scala in compiler mirror not found.
2019-04-10 20:06:13,027  WARN [org.scalaide.ui.internal.reconciliation.ScalaReconciler] - ScalaProject - Project   has platform default sourceLevel.
2019-04-10 20:06:13,027  WARN [org.scalaide.ui.internal.reconciliation.ScalaReconciler] - ScalaProject - Project   runs on platform default installation.
2019-04-10 20:06:13,074 ERROR [main] - org.scala-ide.sdt.core - org.scala-ide.sdt.core - org.scala-ide.sdt.core - 0 - scala.reflect.internal.MissingRequirementError: object scala in compiler mirror not found.
2019-04-10 20:06:13,575  WARN [org.scalaide.ui.internal.reconciliation.ScalaReconciler] - ScalaProject - Project   has platform default sourceLevel.
2019-04-10 20:06:13,575  WARN [org.scalaide.ui.internal.reconciliation.ScalaReconciler] - ScalaProject - Project   runs on platform default installation.
2019-04-10 20:06:13,590 ERROR [main] - org.scala-ide.sdt.core - org.scala-ide.sdt.core - org.scala-ide.sdt.core - 0 - scala.reflect.internal.MissingRequirementError: object scala in compiler mirror not found.
2019-04-10 20:06:14,097  WARN [org.scalaide.ui.internal.reconciliation.ScalaReconciler] - ScalaProject - Project   has platform default sourceLevel.
2019-04-10 20:06:14,097  WARN [org.scalaide.ui.internal.reconciliation.ScalaReconciler] - ScalaProject - Project   runs on platform default installation.
2019-04-10 20:06:14,151 ERROR [main] - org.scala-ide.sdt.core - org.scala-ide.sdt.core - org.scala-ide.sdt.core - 0 - scala.reflect.internal.MissingRequirementError: object scala in compiler mirror not found.
2019-04-10 20:06:25,794  WARN [org.scalaide.ui.internal.reconciliation.ScalaReconciler] - ScalaProject - Project   has platform default sourceLevel.
2019-04-10 20:06:25,794  WARN [org.scalaide.ui.internal.reconciliation.ScalaReconciler] - ScalaProject - Project   runs on platform default installation.
2019-04-10 20:06:25,940 ERROR [main] - org.scala-ide.sdt.core - org.scala-ide.sdt.core - org.scala-ide.sdt.core - 0 - scala.reflect.internal.MissingRequirementError: object scala in compiler mirror not found.
2019-04-10 20:07:07,402  WARN [main] - ScalaProject - Project   has platform default sourceLevel.
2019-04-10 20:07:07,402  WARN [main] - ScalaProject - Project   runs on platform default installation.
2019-04-10 20:07:07,671 ERROR [main] - org.scala-ide.sdt.core - org.scala-ide.sdt.core - org.scala-ide.sdt.core - 0 - scala.reflect.internal.MissingRequirementError: object scala in compiler mirror not found.
2019-04-10 20:07:08,012  WARN [org.scalaide.ui.internal.reconciliation.ScalaReconciler] - ScalaProject - Project   has platform default sourceLevel.
2019-04-10 20:07:08,012  WARN [org.scalaide.ui.internal.reconciliation.ScalaReconciler] - ScalaProject - Project   runs on platform default installation.
2019-04-10 20:07:08,059 ERROR [main] - org.scala-ide.sdt.core - org.scala-ide.sdt.core - org.scala-ide.sdt.core - 0 - scala.reflect.internal.MissingRequirementError: object scala in compiler mirror not found.
2019-04-10 20:07:09,049  WARN [org.scalaide.ui.internal.reconciliation.ScalaReconciler] - ScalaProject - Project   has platform default sourceLevel.
2019-04-10 20:07:09,049  WARN [org.scalaide.ui.internal.reconciliation.ScalaReconciler] - ScalaProject - Project   runs on platform default installation.
2019-04-10 20:07:09,096 ERROR [main] - org.scala-ide.sdt.core - org.scala-ide.sdt.core - org.scala-ide.sdt.core - 0 - scala.reflect.internal.MissingRequirementError: object scala in compiler mirror not found.
2019-04-10 20:07:09,582  WARN [org.scalaide.ui.internal.reconciliation.ScalaReconciler] - ScalaProject - Project   has platform default sourceLevel.
2019-04-10 20:07:09,582  WARN [org.scalaide.ui.internal.reconciliation.ScalaReconciler] - ScalaProject - Project   runs on platform default installation.
2019-04-10 20:07:09,998 ERROR [main] - org.scala-ide.sdt.core - org.scala-ide.sdt.core - org.scala-ide.sdt.core - 0 - scala.reflect.internal.MissingRequirementError: object scala in compiler mirror not found.
2019-04-10 20:07:31,881  WARN [org.scalaide.ui.internal.reconciliation.ScalaReconciler] - ScalaProject - Project   has platform default sourceLevel.
2019-04-10 20:07:31,881  WARN [org.scalaide.ui.internal.reconciliation.ScalaReconciler] - ScalaProject - Project   runs on platform default installation.
2019-04-10 20:07:31,927 ERROR [main] - org.scala-ide.sdt.core - org.scala-ide.sdt.core - org.scala-ide.sdt.core - 0 - scala.reflect.internal.MissingRequirementError: object scala in compiler mirror not found.
2019-04-10 20:07:32,151  WARN [Text Viewer Hover Presenter] - ScalaProject - Project   has platform default sourceLevel.
2019-04-10 20:07:32,151  WARN [Text Viewer Hover Presenter] - ScalaProject - Project   runs on platform default installation.
2019-04-10 20:07:32,183  WARN [Text Viewer Hover Presenter] - ScalaProject - Project   has platform default sourceLevel.
2019-04-10 20:07:32,183  WARN [Text Viewer Hover Presenter] - ScalaProject - Project   runs on platform default installation.
2019-04-10 20:07:32,183 ERROR [main] - org.scala-ide.sdt.core - org.scala-ide.sdt.core - org.scala-ide.sdt.core - 0 - scala.reflect.internal.MissingRequirementError: object scala in compiler mirror not found.
2019-04-10 20:07:32,214 ERROR [main] - org.scala-ide.sdt.core - org.scala-ide.sdt.core - org.scala-ide.sdt.core - 0 - scala.reflect.internal.MissingRequirementError: object scala in compiler mirror not found.
2019-04-10 20:07:32,414  WARN [org.scalaide.ui.internal.reconciliation.ScalaReconciler] - ScalaProject - Project   has platform default sourceLevel.
2019-04-10 20:07:32,414  WARN [org.scalaide.ui.internal.reconciliation.ScalaReconciler] - ScalaProject - Project   runs on platform default installation.
2019-04-10 20:07:32,452 ERROR [main] - org.scala-ide.sdt.core - org.scala-ide.sdt.core - org.scala-ide.sdt.core - 0 - scala.reflect.internal.MissingRequirementError: object scala in compiler mirror not found.
2019-04-10 20:07:40,476  WARN [Text Viewer Hover Presenter] - ScalaProject - Project   has platform default sourceLevel.
2019-04-10 20:07:40,476  WARN [Text Viewer Hover Presenter] - ScalaProject - Project   runs on platform default installation.
2019-04-10 20:07:40,513  WARN [Text Viewer Hover Presenter] - ScalaProject - Project   has platform default sourceLevel.
2019-04-10 20:07:40,513  WARN [Text Viewer Hover Presenter] - ScalaProject - Project   runs on platform default installation.
2019-04-10 20:07:40,529 ERROR [main] - org.scala-ide.sdt.core - org.scala-ide.sdt.core - org.scala-ide.sdt.core - 0 - scala.reflect.internal.MissingRequirementError: object scala in compiler mirror not found.
2019-04-10 20:07:40,545 ERROR [main] - org.scala-ide.sdt.core - org.scala-ide.sdt.core - org.scala-ide.sdt.core - 0 - scala.reflect.internal.MissingRequirementError: object scala in compiler mirror not found.
2019-04-10 20:08:04,006  WARN [ModalContext] - ScalaProject - Project def has platform default sourceLevel.
2019-04-10 20:08:04,006  WARN [ModalContext] - ScalaProject - Project def runs on platform default installation.
2019-04-10 20:08:04,061 ERROR [Worker-0] - System.err - log4j:WARN No appenders could be found for logger (org.eclipse.jgit.util.FS).
2019-04-10 20:08:04,061 ERROR [Worker-0] - System.err - log4j:WARN Please initialize the log4j system properly.
2019-04-10 20:08:05,166  WARN [Worker-7] - ScalaProject - Project def has platform default sourceLevel.
2019-04-10 20:08:05,166  WARN [Worker-7] - ScalaProject - Project def runs on platform default installation.
2019-04-10 20:08:06,430  WARN [org.scalaide.ui.internal.reconciliation.ScalaReconciler] - ScalaProject - Project   has platform default sourceLevel.
2019-04-10 20:08:06,430  WARN [org.scalaide.ui.internal.reconciliation.ScalaReconciler] - ScalaProject - Project   runs on platform default installation.
2019-04-10 20:08:06,444 ERROR [main] - org.scala-ide.sdt.core - org.scala-ide.sdt.core - org.scala-ide.sdt.core - 0 - scala.reflect.internal.MissingRequirementError: object scala in compiler mirror not found.
2019-04-10 20:08:06,937  WARN [org.scalaide.ui.internal.reconciliation.ScalaReconciler] - ScalaProject - Project   has platform default sourceLevel.
2019-04-10 20:08:06,937  WARN [org.scalaide.ui.internal.reconciliation.ScalaReconciler] - ScalaProject - Project   runs on platform default installation.
2019-04-10 20:08:06,957 ERROR [main] - org.scala-ide.sdt.core - org.scala-ide.sdt.core - org.scala-ide.sdt.core - 0 - scala.reflect.internal.MissingRequirementError: object scala in compiler mirror not found.
2019-04-10 20:08:19,388  WARN [main] - ScalaProject - Project def has platform default sourceLevel.
2019-04-10 20:08:19,388  WARN [main] - ScalaProject - Project def runs on platform default installation.
2019-04-10 20:08:20,987  WARN [main] - ScalaProject - Project def has platform default sourceLevel.
2019-04-10 20:08:20,987  WARN [main] - ScalaProject - Project def runs on platform default installation.
2019-04-10 20:08:21,187  WARN [Worker-3] - ScalaProject - Project def has platform default sourceLevel.
2019-04-10 20:08:21,187  WARN [Worker-3] - ScalaProject - Project def runs on platform default installation.
2019-04-10 20:08:34,997  WARN [Worker-0] - ScalaProject - Project def has platform default sourceLevel.
2019-04-10 20:08:34,997  WARN [Worker-0] - ScalaProject - Project def runs on platform default installation.
2019-04-10 20:08:50,561  WARN [Worker-8] - ScalaProject - Project def has platform default sourceLevel.
2019-04-10 20:08:50,561  WARN [Worker-8] - ScalaProject - Project def runs on platform default installation.
2019-04-10 20:10:02,102  WARN [Worker-8] - ScalaProject - Project def has platform default sourceLevel.
2019-04-10 20:10:02,102  WARN [Worker-8] - ScalaProject - Project def runs on platform default installation.
2019-04-10 20:11:05,861  WARN [org.scalaide.ui.internal.reconciliation.ScalaReconciler] - CallByNameParamAtCreationPresenter - Timeout while waiting for `askLoadedTyped` during semantic highlighting.
2019-04-10 20:11:10,536  WARN [Worker-2] - ScalaProject - Project def has platform default sourceLevel.
2019-04-10 20:11:10,536  WARN [Worker-2] - ScalaProject - Project def runs on platform default installation.
2019-04-10 20:14:01,833  WARN [Worker-8] - ScalaProject - Project def has platform default sourceLevel.
2019-04-10 20:14:01,833  WARN [Worker-8] - ScalaProject - Project def runs on platform default installation.
2019-04-10 20:15:00,830  WARN [org.scalaide.ui.internal.reconciliation.ScalaReconciler] - TraverserImpl$ - Skipping annotation, position length = 0, position offset = 8779
2019-04-10 20:15:00,830  WARN [org.scalaide.ui.internal.reconciliation.ScalaReconciler] - TraverserImpl$ - Skipping annotation, position length = 0, position offset = 8787
2019-04-10 20:15:00,830  WARN [org.scalaide.ui.internal.reconciliation.ScalaReconciler] - TraverserImpl$ - Skipping annotation, position length = 0, position offset = 8798
2019-04-10 20:15:38,262  WARN [Worker-6] - ScalaProject - Project def has platform default sourceLevel.
2019-04-10 20:15:38,262  WARN [Worker-6] - ScalaProject - Project def runs on platform default installation.
2019-04-10 20:16:27,463  WARN [Worker-14] - ScalaProject - Project def has platform default sourceLevel.
2019-04-10 20:16:27,463  WARN [Worker-14] - ScalaProject - Project def runs on platform default installation.
2019-04-10 20:18:30,583  WARN [Worker-12] - ScalaProject - Project def has platform default sourceLevel.
2019-04-10 20:18:30,583  WARN [Worker-12] - ScalaProject - Project def runs on platform default installation.
2019-04-10 22:11:56,804  WARN [org.scalaide.ui.internal.reconciliation.ScalaReconciler] - CallByNameParamAtCreationPresenter - Timeout while waiting for `askLoadedTyped` during semantic highlighting.
2019-04-10 22:41:41,596  WARN [Worker-31] - ScalaProject - Project def has platform default sourceLevel.
2019-04-10 22:41:41,596  WARN [Worker-31] - ScalaProject - Project def runs on platform default installation.
2019-04-10 22:42:33,438  WARN [Worker-32] - ScalaProject - Project def has platform default sourceLevel.
2019-04-10 22:42:33,438  WARN [Worker-32] - ScalaProject - Project def runs on platform default installation.
2019-04-10 22:42:50,324  WARN [Worker-31] - ScalaProject - Project def has platform default sourceLevel.
2019-04-10 22:42:50,324  WARN [Worker-31] - ScalaProject - Project def runs on platform default installation.
2019-04-10 22:43:34,706  WARN [Worker-31] - ScalaProject - Project def has platform default sourceLevel.
2019-04-10 22:43:34,706  WARN [Worker-31] - ScalaProject - Project def runs on platform default installation.
2019-04-10 22:58:16,329  WARN [Worker-38] - ScalaProject - Project def has platform default sourceLevel.
2019-04-10 22:58:16,330  WARN [Worker-38] - ScalaProject - Project def runs on platform default installation.
2019-04-10 22:58:35,806  WARN [Worker-41] - ScalaProject - Project def has platform default sourceLevel.
2019-04-10 22:58:35,807  WARN [Worker-41] - ScalaProject - Project def runs on platform default installation.
2019-04-10 22:59:30,076  WARN [Worker-41] - ScalaProject - Project def has platform default sourceLevel.
2019-04-10 22:59:30,076  WARN [Worker-41] - ScalaProject - Project def runs on platform default installation.
2019-04-10 23:02:22,197  WARN [Worker-46] - ScalaProject - Project def has platform default sourceLevel.
2019-04-10 23:02:22,197  WARN [Worker-46] - ScalaProject - Project def runs on platform default installation.
2019-04-10 23:07:39,727  WARN [Worker-46] - ScalaProject - Project def has platform default sourceLevel.
2019-04-10 23:07:39,727  WARN [Worker-46] - ScalaProject - Project def runs on platform default installation.
2019-04-10 23:08:48,807  WARN [Worker-46] - ScalaProject - Project def has platform default sourceLevel.
2019-04-10 23:08:48,807  WARN [Worker-46] - ScalaProject - Project def runs on platform default installation.
2019-04-10 23:09:27,098  WARN [Worker-45] - ScalaProject - Project def has platform default sourceLevel.
2019-04-10 23:09:27,098  WARN [Worker-45] - ScalaProject - Project def runs on platform default installation.
2019-04-10 23:11:49,627  WARN [Worker-45] - ScalaProject - Project def has platform default sourceLevel.
2019-04-10 23:11:49,628  WARN [Worker-45] - ScalaProject - Project def runs on platform default installation.
2019-04-10 23:14:12,308  WARN [Worker-54] - ScalaProject - Project def has platform default sourceLevel.
2019-04-10 23:14:12,308  WARN [Worker-54] - ScalaProject - Project def runs on platform default installation.
2019-04-10 23:15:12,044  WARN [Worker-54] - ScalaProject - Project def has platform default sourceLevel.
2019-04-10 23:15:12,044  WARN [Worker-54] - ScalaProject - Project def runs on platform default installation.
2019-04-10 23:15:38,751  WARN [Worker-56] - ScalaProject - Project def has platform default sourceLevel.
2019-04-10 23:15:38,751  WARN [Worker-56] - ScalaProject - Project def runs on platform default installation.
2019-04-10 23:16:02,843  WARN [Worker-52] - ScalaProject - Project def has platform default sourceLevel.
2019-04-10 23:16:02,843  WARN [Worker-52] - ScalaProject - Project def runs on platform default installation.
2019-04-10 23:21:22,153  WARN [Worker-52] - ScalaProject - Project def has platform default sourceLevel.
2019-04-10 23:21:22,153  WARN [Worker-52] - ScalaProject - Project def runs on platform default installation.
2019-04-10 23:22:51,156  WARN [org.scalaide.ui.internal.reconciliation.ScalaReconciler] - ScalaProject - Project   has platform default sourceLevel.
2019-04-10 23:22:51,156  WARN [org.scalaide.ui.internal.reconciliation.ScalaReconciler] - ScalaProject - Project   runs on platform default installation.
2019-04-10 23:22:51,225 ERROR [main] - org.scala-ide.sdt.core - org.scala-ide.sdt.core - org.scala-ide.sdt.core - 0 - scala.reflect.internal.MissingRequirementError: object scala in compiler mirror not found.
2019-04-10 23:22:51,670  WARN [org.scalaide.ui.internal.reconciliation.ScalaReconciler] - ScalaProject - Project   has platform default sourceLevel.
2019-04-10 23:22:51,670  WARN [org.scalaide.ui.internal.reconciliation.ScalaReconciler] - ScalaProject - Project   runs on platform default installation.
2019-04-10 23:22:51,700 ERROR [main] - org.scala-ide.sdt.core - org.scala-ide.sdt.core - org.scala-ide.sdt.core - 0 - scala.reflect.internal.MissingRequirementError: object scala in compiler mirror not found.
2019-04-10 23:24:28,487  WARN [Worker-52] - ScalaProject - Project def has platform default sourceLevel.
2019-04-10 23:24:28,487  WARN [Worker-52] - ScalaProject - Project def runs on platform default installation.
2019-04-10 23:25:59,272 ERROR [Text Viewer Hover Presenter] - IScalaPresentationCompiler$ - Ignoring InterruptException
2019-04-10 23:25:59,273 ERROR [Text Viewer Hover Presenter] - IScalaPresentationCompiler$ - Ignoring InterruptException
2019-04-10 23:25:59,273 ERROR [Text Viewer Hover Presenter] - IScalaPresentationCompiler$ - Ignoring InterruptException
2019-04-10 23:25:59,274 ERROR [Text Viewer Hover Presenter] - IScalaPresentationCompiler$ - Ignoring InterruptException
2019-04-10 23:25:59,274 ERROR [Text Viewer Hover Presenter] - IScalaPresentationCompiler$ - Ignoring InterruptException
2019-04-10 23:25:59,274 ERROR [Text Viewer Hover Presenter] - IScalaPresentationCompiler$ - Ignoring InterruptException
2019-04-10 23:25:59,276 ERROR [Text Viewer Hover Presenter] - IScalaPresentationCompiler$ - Ignoring InterruptException
2019-04-10 23:25:59,276 ERROR [Text Viewer Hover Presenter] - IScalaPresentationCompiler$ - Ignoring InterruptException
2019-04-10 23:25:59,276 ERROR [Text Viewer Hover Presenter] - IScalaPresentationCompiler$ - Ignoring InterruptException
2019-04-10 23:25:59,278 ERROR [Text Viewer Hover Presenter] - IScalaPresentationCompiler$ - Ignoring InterruptException
2019-04-10 23:25:59,278 ERROR [Text Viewer Hover Presenter] - IScalaPresentationCompiler$ - Ignoring InterruptException
2019-04-10 23:25:59,278 ERROR [Text Viewer Hover Presenter] - IScalaPresentationCompiler$ - Ignoring InterruptException
2019-04-10 23:25:59,280 ERROR [Text Viewer Hover Presenter] - IScalaPresentationCompiler$ - Ignoring InterruptException
2019-04-10 23:25:59,280 ERROR [Text Viewer Hover Presenter] - IScalaPresentationCompiler$ - Ignoring InterruptException
2019-04-10 23:25:59,280 ERROR [Text Viewer Hover Presenter] - IScalaPresentationCompiler$ - Ignoring InterruptException
2019-04-10 23:25:59,282 ERROR [Text Viewer Hover Presenter] - IScalaPresentationCompiler$ - Ignoring InterruptException
2019-04-10 23:25:59,282 ERROR [Text Viewer Hover Presenter] - IScalaPresentationCompiler$ - Ignoring InterruptException
2019-04-10 23:25:59,283 ERROR [Text Viewer Hover Presenter] - IScalaPresentationCompiler$ - Ignoring InterruptException
2019-04-10 23:25:59,284 ERROR [Text Viewer Hover Presenter] - IScalaPresentationCompiler$ - Ignoring InterruptException
2019-04-10 23:25:59,284 ERROR [Text Viewer Hover Presenter] - IScalaPresentationCompiler$ - Ignoring InterruptException
2019-04-10 23:25:59,284 ERROR [Text Viewer Hover Presenter] - IScalaPresentationCompiler$ - Ignoring InterruptException
2019-04-10 23:25:59,284 ERROR [Text Viewer Hover Presenter] - IScalaPresentationCompiler$ - Ignoring InterruptException
2019-04-10 23:25:59,284 ERROR [Text Viewer Hover Presenter] - IScalaPresentationCompiler$ - Ignoring InterruptException
2019-04-10 23:25:59,285 ERROR [Text Viewer Hover Presenter] - IScalaPresentationCompiler$ - Ignoring InterruptException
2019-04-10 23:25:59,285 ERROR [Text Viewer Hover Presenter] - IScalaPresentationCompiler$ - Ignoring InterruptException
2019-04-10 23:25:59,285 ERROR [Text Viewer Hover Presenter] - IScalaPresentationCompiler$ - Ignoring InterruptException
2019-04-10 23:25:59,286 ERROR [Text Viewer Hover Presenter] - IScalaPresentationCompiler$ - Ignoring InterruptException
2019-04-10 23:25:59,286 ERROR [Text Viewer Hover Presenter] - IScalaPresentationCompiler$ - Ignoring InterruptException
2019-04-10 23:25:59,286 ERROR [Text Viewer Hover Presenter] - IScalaPresentationCompiler$ - Ignoring InterruptException
2019-04-10 23:25:59,287 ERROR [Text Viewer Hover Presenter] - IScalaPresentationCompiler$ - Ignoring InterruptException
2019-04-10 23:25:59,288 ERROR [Text Viewer Hover Presenter] - IScalaPresentationCompiler$ - Ignoring InterruptException
2019-04-10 23:25:59,288 ERROR [Text Viewer Hover Presenter] - IScalaPresentationCompiler$ - Ignoring InterruptException
2019-04-10 23:25:59,289 ERROR [Text Viewer Hover Presenter] - IScalaPresentationCompiler$ - Ignoring InterruptException
2019-04-10 23:25:59,289 ERROR [Text Viewer Hover Presenter] - IScalaPresentationCompiler$ - Ignoring InterruptException
2019-04-10 23:25:59,289 ERROR [Text Viewer Hover Presenter] - IScalaPresentationCompiler$ - Ignoring InterruptException
2019-04-10 23:25:59,290 ERROR [Text Viewer Hover Presenter] - IScalaPresentationCompiler$ - Ignoring InterruptException
2019-04-10 23:25:59,290 ERROR [Text Viewer Hover Presenter] - IScalaPresentationCompiler$ - Ignoring InterruptException
2019-04-10 23:25:59,290 ERROR [Text Viewer Hover Presenter] - IScalaPresentationCompiler$ - Ignoring InterruptException
2019-04-10 23:25:59,290 ERROR [Text Viewer Hover Presenter] - IScalaPresentationCompiler$ - Ignoring InterruptException
2019-04-10 23:25:59,290 ERROR [Text Viewer Hover Presenter] - IScalaPresentationCompiler$ - Ignoring InterruptException
2019-04-10 23:25:59,290 ERROR [Text Viewer Hover Presenter] - IScalaPresentationCompiler$ - Ignoring InterruptException
2019-04-10 23:25:59,291 ERROR [Text Viewer Hover Presenter] - IScalaPresentationCompiler$ - Ignoring InterruptException
2019-04-10 23:25:59,291 ERROR [Text Viewer Hover Presenter] - IScalaPresentationCompiler$ - Ignoring InterruptException
2019-04-10 23:25:59,291 ERROR [Text Viewer Hover Presenter] - IScalaPresentationCompiler$ - Ignoring InterruptException
2019-04-10 23:25:59,292 ERROR [Text Viewer Hover Presenter] - IScalaPresentationCompiler$ - Ignoring InterruptException
2019-04-10 23:25:59,292 ERROR [Text Viewer Hover Presenter] - IScalaPresentationCompiler$ - Ignoring InterruptException
2019-04-10 23:25:59,293 ERROR [Text Viewer Hover Presenter] - IScalaPresentationCompiler$ - Ignoring InterruptException
2019-04-10 23:25:59,293 ERROR [Text Viewer Hover Presenter] - IScalaPresentationCompiler$ - Ignoring InterruptException
2019-04-10 23:25:59,293 ERROR [Text Viewer Hover Presenter] - IScalaPresentationCompiler$ - Ignoring InterruptException
2019-04-10 23:25:59,293 ERROR [Text Viewer Hover Presenter] - IScalaPresentationCompiler$ - Ignoring InterruptException
2019-04-10 23:25:59,293 ERROR [Text Viewer Hover Presenter] - IScalaPresentationCompiler$ - Ignoring InterruptException
2019-04-10 23:25:59,293 ERROR [Text Viewer Hover Presenter] - IScalaPresentationCompiler$ - Ignoring InterruptException
2019-04-10 23:25:59,293 ERROR [Text Viewer Hover Presenter] - IScalaPresentationCompiler$ - Ignoring InterruptException
2019-04-10 23:25:59,294 ERROR [Text Viewer Hover Presenter] - IScalaPresentationCompiler$ - Ignoring InterruptException
2019-04-10 23:25:59,294 ERROR [Text Viewer Hover Presenter] - IScalaPresentationCompiler$ - Ignoring InterruptException
2019-04-10 23:25:59,294 ERROR [Text Viewer Hover Presenter] - IScalaPresentationCompiler$ - Ignoring InterruptException
2019-04-10 23:25:59,295 ERROR [Text Viewer Hover Presenter] - IScalaPresentationCompiler$ - Ignoring InterruptException
2019-04-10 23:25:59,295 ERROR [Text Viewer Hover Presenter] - IScalaPresentationCompiler$ - Ignoring InterruptException
2019-04-10 23:25:59,295 ERROR [Text Viewer Hover Presenter] - IScalaPresentationCompiler$ - Ignoring InterruptException
2019-04-10 23:25:59,296 ERROR [Text Viewer Hover Presenter] - IScalaPresentationCompiler$ - Ignoring InterruptException
2019-04-10 23:25:59,297 ERROR [Text Viewer Hover Presenter] - IScalaPresentationCompiler$ - Ignoring InterruptException
2019-04-10 23:25:59,297 ERROR [Text Viewer Hover Presenter] - IScalaPresentationCompiler$ - Ignoring InterruptException
2019-04-10 23:25:59,298 ERROR [Text Viewer Hover Presenter] - IScalaPresentationCompiler$ - Ignoring InterruptException
2019-04-10 23:25:59,298 ERROR [Text Viewer Hover Presenter] - IScalaPresentationCompiler$ - Ignoring InterruptException
2019-04-10 23:25:59,298 ERROR [Text Viewer Hover Presenter] - IScalaPresentationCompiler$ - Ignoring InterruptException
2019-04-10 23:25:59,299 ERROR [Text Viewer Hover Presenter] - IScalaPresentationCompiler$ - Ignoring InterruptException
2019-04-10 23:25:59,299 ERROR [Text Viewer Hover Presenter] - IScalaPresentationCompiler$ - Ignoring InterruptException
2019-04-10 23:25:59,299 ERROR [Text Viewer Hover Presenter] - IScalaPresentationCompiler$ - Ignoring InterruptException
2019-04-10 23:25:59,299 ERROR [Text Viewer Hover Presenter] - IScalaPresentationCompiler$ - Ignoring InterruptException
2019-04-10 23:25:59,299 ERROR [Text Viewer Hover Presenter] - IScalaPresentationCompiler$ - Ignoring InterruptException
2019-04-10 23:25:59,299 ERROR [Text Viewer Hover Presenter] - IScalaPresentationCompiler$ - Ignoring InterruptException
2019-04-10 23:25:59,299 ERROR [Text Viewer Hover Presenter] - IScalaPresentationCompiler$ - Ignoring InterruptException
2019-04-10 23:25:59,299 ERROR [Text Viewer Hover Presenter] - IScalaPresentationCompiler$ - Ignoring InterruptException
2019-04-10 23:25:59,299 ERROR [Text Viewer Hover Presenter] - IScalaPresentationCompiler$ - Ignoring InterruptException
2019-04-10 23:25:59,299 ERROR [Text Viewer Hover Presenter] - IScalaPresentationCompiler$ - Ignoring InterruptException
2019-04-10 23:25:59,300 ERROR [Text Viewer Hover Presenter] - IScalaPresentationCompiler$ - Ignoring InterruptException
2019-04-10 23:26:24,176  WARN [Worker-57] - ScalaProject - Project def has platform default sourceLevel.
2019-04-10 23:26:24,176  WARN [Worker-57] - ScalaProject - Project def runs on platform default installation.
2019-04-10 23:29:30,423  WARN [Worker-52] - ScalaProject - Project def has platform default sourceLevel.
2019-04-10 23:29:30,423  WARN [Worker-52] - ScalaProject - Project def runs on platform default installation.
2019-04-10 23:35:30,233  WARN [Worker-62] - ScalaProject - Project def has platform default sourceLevel.
2019-04-10 23:35:30,234  WARN [Worker-62] - ScalaProject - Project def runs on platform default installation.
2019-04-10 23:37:50,009  WARN [org.scalaide.ui.internal.reconciliation.ScalaReconciler] - ScalaProject - Project   has platform default sourceLevel.
2019-04-10 23:37:50,009  WARN [org.scalaide.ui.internal.reconciliation.ScalaReconciler] - ScalaProject - Project   runs on platform default installation.
2019-04-10 23:37:50,044 ERROR [main] - org.scala-ide.sdt.core - org.scala-ide.sdt.core - org.scala-ide.sdt.core - 0 - scala.reflect.internal.MissingRequirementError: object scala in compiler mirror not found.
2019-04-10 23:37:50,530  WARN [org.scalaide.ui.internal.reconciliation.ScalaReconciler] - ScalaProject - Project   has platform default sourceLevel.
2019-04-10 23:37:50,530  WARN [org.scalaide.ui.internal.reconciliation.ScalaReconciler] - ScalaProject - Project   runs on platform default installation.
2019-04-10 23:37:50,560 ERROR [main] - org.scala-ide.sdt.core - org.scala-ide.sdt.core - org.scala-ide.sdt.core - 0 - scala.reflect.internal.MissingRequirementError: object scala in compiler mirror not found.
2019-04-10 23:38:09,567  WARN [org.scalaide.ui.internal.reconciliation.ScalaReconciler] - ScalaProject - Project   has platform default sourceLevel.
2019-04-10 23:38:09,567  WARN [org.scalaide.ui.internal.reconciliation.ScalaReconciler] - ScalaProject - Project   runs on platform default installation.
2019-04-10 23:38:09,595 ERROR [main] - org.scala-ide.sdt.core - org.scala-ide.sdt.core - org.scala-ide.sdt.core - 0 - scala.reflect.internal.MissingRequirementError: object scala in compiler mirror not found.
2019-04-10 23:38:10,024  WARN [Text Viewer Hover Presenter] - ScalaProject - Project   has platform default sourceLevel.
2019-04-10 23:38:10,024  WARN [Text Viewer Hover Presenter] - ScalaProject - Project   runs on platform default installation.
2019-04-10 23:38:10,043  WARN [Text Viewer Hover Presenter] - ScalaProject - Project   has platform default sourceLevel.
2019-04-10 23:38:10,043  WARN [Text Viewer Hover Presenter] - ScalaProject - Project   runs on platform default installation.
2019-04-10 23:38:10,054 ERROR [main] - org.scala-ide.sdt.core - org.scala-ide.sdt.core - org.scala-ide.sdt.core - 0 - scala.reflect.internal.MissingRequirementError: object scala in compiler mirror not found.
2019-04-10 23:38:10,073 ERROR [main] - org.scala-ide.sdt.core - org.scala-ide.sdt.core - org.scala-ide.sdt.core - 0 - scala.reflect.internal.MissingRequirementError: object scala in compiler mirror not found.
2019-04-10 23:38:10,085  WARN [org.scalaide.ui.internal.reconciliation.ScalaReconciler] - ScalaProject - Project   has platform default sourceLevel.
2019-04-10 23:38:10,085  WARN [org.scalaide.ui.internal.reconciliation.ScalaReconciler] - ScalaProject - Project   runs on platform default installation.
2019-04-10 23:38:10,114 ERROR [main] - org.scala-ide.sdt.core - org.scala-ide.sdt.core - org.scala-ide.sdt.core - 0 - scala.reflect.internal.MissingRequirementError: object scala in compiler mirror not found.
2019-04-10 23:38:49,585  WARN [Worker-67] - ScalaProject - Project def has platform default sourceLevel.
2019-04-10 23:38:49,586  WARN [Worker-67] - ScalaProject - Project def runs on platform default installation.
2019-04-10 23:39:52,519  WARN [Worker-69] - ScalaProject - Project def has platform default sourceLevel.
2019-04-10 23:39:52,519  WARN [Worker-69] - ScalaProject - Project def runs on platform default installation.
