Compilación iniciada a las 08/03/2019 16:44:36.
     1>Proyecto "C:\Users\Ángel\Documents\Universidad\2018-2019\Segundo Cuatrimestre\Ampliación de Programación Avanzada\PECL1 - Pruebas\PECL1 - Pruebas\PECL1 - Pruebas.vcxproj" en el nodo 2 (Build destinos).
     1>AddCudaCompileDeps:
         C:\Program Files (x86)\Microsoft Visual Studio 12.0\VC\bin\x86_amd64\cl.exe /E /nologo /showIncludes /TP /D__CUDACC__ /DWIN32 /DWIN64 /D_DEBUG /D_CONSOLE /D_MBCS /I"C:\Program Files\NVIDIA GPU Computing Toolkit\CUDA\v9.1\include" /I"C:\Program Files\NVIDIA GPU Computing Toolkit\CUDA\v9.1\bin" /I"C:\Program Files\NVIDIA GPU Computing Toolkit\CUDA\v9.1\include" /I. /FIcuda_runtime.h /c "C:\Users\Ángel\Documents\Universidad\2018-2019\Segundo Cuatrimestre\Ampliación de Programación Avanzada\PECL1 - Pruebas\PECL1 - Pruebas\kernel.cu" 
     1>El proyecto "C:\Users\Ángel\Documents\Universidad\2018-2019\Segundo Cuatrimestre\Ampliación de Programación Avanzada\PECL1 - Pruebas\PECL1 - Pruebas\PECL1 - Pruebas.vcxproj" (1) está compilando "C:\Users\Ángel\Documents\Universidad\2018-2019\Segundo Cuatrimestre\Ampliación de Programación Avanzada\PECL1 - Pruebas\PECL1 - Pruebas\PECL1 - Pruebas.vcxproj" (1:2) en el nodo 2 (CudaBuildCore destinos).
     1>CudaBuildCore:
         Compiling CUDA source file kernel.cu...
         cmd.exe /C "C:\Users\Ángel\AppData\Local\Temp\tmpbe66b820d4194bcdb72d8e2e07e09c05.cmd"
         "C:\Program Files\NVIDIA GPU Computing Toolkit\CUDA\v9.1\bin\nvcc.exe" -gencode=arch=compute_30,code=\"sm_30,compute_30\" --use-local-env --cl-version 2013 -ccbin "C:\Program Files (x86)\Microsoft Visual Studio 12.0\VC\bin\x86_amd64" -x cu  -I"C:\Program Files\NVIDIA GPU Computing Toolkit\CUDA\v9.1\include" -I"C:\Program Files\NVIDIA GPU Computing Toolkit\CUDA\v9.1\include"  -G   --keep-dir x64\Debug -maxrregcount=0  --machine 64 --compile -cudart static  -g   -DWIN32 -DWIN64 -D_DEBUG -D_CONSOLE -D_MBCS -Xcompiler "/EHsc /W3 /nologo /Od /FS /Zi /RTC1 /MDd " -o x64\Debug\kernel.cu.obj "C:\Users\Ángel\Documents\Universidad\2018-2019\Segundo Cuatrimestre\Ampliación de Programación Avanzada\PECL1 - Pruebas\PECL1 - Pruebas\kernel.cu"
         
         C:\Users\Ángel\Documents\Universidad\2018-2019\Segundo Cuatrimestre\Ampliación de Programación Avanzada\PECL1 - Pruebas\PECL1 - Pruebas>"C:\Program Files\NVIDIA GPU Computing Toolkit\CUDA\v9.1\bin\nvcc.exe" -gencode=arch=compute_30,code=\"sm_30,compute_30\" --use-local-env --cl-version 2013 -ccbin "C:\Program Files (x86)\Microsoft Visual Studio 12.0\VC\bin\x86_amd64" -x cu  -I"C:\Program Files\NVIDIA GPU Computing Toolkit\CUDA\v9.1\include" -I"C:\Program Files\NVIDIA GPU Computing Toolkit\CUDA\v9.1\include"  -G   --keep-dir x64\Debug -maxrregcount=0  --machine 64 --compile -cudart static  -g   -DWIN32 -DWIN64 -D_DEBUG -D_CONSOLE -D_MBCS -Xcompiler "/EHsc /W3 /nologo /Od /FS /Zi /RTC1 /MDd " -o x64\Debug\kernel.cu.obj "C:\Users\Ángel\Documents\Universidad\2018-2019\Segundo Cuatrimestre\Ampliación de Programación Avanzada\PECL1 - Pruebas\PECL1 - Pruebas\kernel.cu" 
     1>C:/Users/┴ngel/Documents/Universidad/2018-2019/Segundo Cuatrimestre/Ampliaci¾n de Programaci¾n Avanzada/PECL1 - Pruebas/PECL1 - Pruebas/kernel.cu(47): warning : variable "dificultad" was declared but never referenced
     1>CUDACOMPILE : ptxas warning : Stack size for entry function '_Z11juegoManualPiiii' cannot be statically determined
     1>C:/Users/┴ngel/Documents/Universidad/2018-2019/Segundo Cuatrimestre/Ampliaci¾n de Programaci¾n Avanzada/PECL1 - Pruebas/PECL1 - Pruebas/kernel.cu(47): warning : variable "dificultad" was declared but never referenced
         kernel.cu
     1>C:/Users/Ángel/Documents/Universidad/2018-2019/Segundo Cuatrimestre/Ampliación de Programación Avanzada/PECL1 - Pruebas/PECL1 - Pruebas/kernel.cu(83): warning C4244: 'argumento' : conversión de 'time_t' a 'unsigned int'; posible pérdida de datos
     1>Compilación del proyecto terminada "C:\Users\Ángel\Documents\Universidad\2018-2019\Segundo Cuatrimestre\Ampliación de Programación Avanzada\PECL1 - Pruebas\PECL1 - Pruebas\PECL1 - Pruebas.vcxproj" (CudaBuildCore destinos).
     1>Link:
         C:\Program Files (x86)\Microsoft Visual Studio 12.0\VC\bin\x86_amd64\link.exe /ERRORREPORT:PROMPT /OUT:"C:\Users\Ángel\Documents\Universidad\2018-2019\Segundo Cuatrimestre\Ampliación de Programación Avanzada\PECL1 - Pruebas\x64\Debug\PECL1 - Pruebas.exe" /INCREMENTAL /NOLOGO /LIBPATH:"C:\Program Files\NVIDIA GPU Computing Toolkit\CUDA\v9.1\lib\x64" cudart.lib kernel32.lib user32.lib gdi32.lib winspool.lib comdlg32.lib advapi32.lib shell32.lib ole32.lib oleaut32.lib uuid.lib odbc32.lib odbccp32.lib kernel32.lib user32.lib gdi32.lib winspool.lib comdlg32.lib advapi32.lib shell32.lib ole32.lib oleaut32.lib uuid.lib odbc32.lib odbccp32.lib /MANIFEST /MANIFESTUAC:"level='asInvoker' uiAccess='false'" /manifest:embed /DEBUG /PDB:"C:\Users\Ángel\Documents\Universidad\2018-2019\Segundo Cuatrimestre\Ampliación de Programación Avanzada\PECL1 - Pruebas\x64\Debug\PECL1 - Pruebas.pdb" /SUBSYSTEM:CONSOLE /TLBID:1 /DYNAMICBASE /NXCOMPAT /IMPLIB:"C:\Users\Ángel\Documents\Universidad\2018-2019\Segundo Cuatrimestre\Ampliación de Programación Avanzada\PECL1 - Pruebas\x64\Debug\PECL1 - Pruebas.lib" /MACHINE:X64 x64\Debug\kernel.cu.obj
     1>LINK : fatal error LNK1168: no se puede abrir C:\Users\Ángel\Documents\Universidad\2018-2019\Segundo Cuatrimestre\Ampliación de Programación Avanzada\PECL1 - Pruebas\x64\Debug\PECL1 - Pruebas.exe para escritura
     1>Compilación del proyecto terminada "C:\Users\Ángel\Documents\Universidad\2018-2019\Segundo Cuatrimestre\Ampliación de Programación Avanzada\PECL1 - Pruebas\PECL1 - Pruebas\PECL1 - Pruebas.vcxproj" (Build destinos) -- ERROR.

ERROR al compilar.

Tiempo transcurrido 00:00:15.47
