Compilación iniciada a las 14/03/2019 20:32:51.
     1>Proyecto "C:\Users\Ángel\Documents\Universidad\2018-2019\Segundo Cuatrimestre\Ampliación de Programación Avanzada\PECL1 - Mem Glob\PECL1 - Mem Glob\PECL1 - Mem Glob.vcxproj" en el nodo 2 (Build destinos).
     1>AddCudaCompileDeps:
         C:\Program Files (x86)\Microsoft Visual Studio 12.0\VC\bin\x86_amd64\cl.exe /E /nologo /showIncludes /TP /D__CUDACC__ /DWIN32 /DWIN64 /D_DEBUG /D_CONSOLE /D_MBCS /I"C:\Program Files\NVIDIA GPU Computing Toolkit\CUDA\v9.1\include" /I"C:\Program Files\NVIDIA GPU Computing Toolkit\CUDA\v9.1\bin" /I"C:\Program Files\NVIDIA GPU Computing Toolkit\CUDA\v9.1\include" /I. /FIcuda_runtime.h /c "C:\Users\Ángel\Documents\Universidad\2018-2019\Segundo Cuatrimestre\Ampliación de Programación Avanzada\PECL1 - Mem Glob\PECL1 - Mem Glob\kernel.cu" 
     1>El proyecto "C:\Users\Ángel\Documents\Universidad\2018-2019\Segundo Cuatrimestre\Ampliación de Programación Avanzada\PECL1 - Mem Glob\PECL1 - Mem Glob\PECL1 - Mem Glob.vcxproj" (1) está compilando "C:\Users\Ángel\Documents\Universidad\2018-2019\Segundo Cuatrimestre\Ampliación de Programación Avanzada\PECL1 - Mem Glob\PECL1 - Mem Glob\PECL1 - Mem Glob.vcxproj" (1:2) en el nodo 2 (CudaBuildCore destinos).
     1>CudaBuildCore:
         Compiling CUDA source file kernel.cu...
         cmd.exe /C "C:\Users\Ángel\AppData\Local\Temp\tmpad6ef7ae541848cfb7f759cfec8a9a3b.cmd"
         "C:\Program Files\NVIDIA GPU Computing Toolkit\CUDA\v9.1\bin\nvcc.exe" -gencode=arch=compute_30,code=\"sm_30,compute_30\" --use-local-env --cl-version 2013 -ccbin "C:\Program Files (x86)\Microsoft Visual Studio 12.0\VC\bin\x86_amd64" -x cu  -I"C:\Program Files\NVIDIA GPU Computing Toolkit\CUDA\v9.1\include" -I"C:\Program Files\NVIDIA GPU Computing Toolkit\CUDA\v9.1\include"  -G   --keep-dir x64\Debug -maxrregcount=0  --machine 64 --compile -cudart static  -g   -DWIN32 -DWIN64 -D_DEBUG -D_CONSOLE -D_MBCS -Xcompiler "/EHsc /W3 /nologo /Od /FS /Zi /RTC1 /MDd " -o x64\Debug\kernel.cu.obj "C:\Users\Ángel\Documents\Universidad\2018-2019\Segundo Cuatrimestre\Ampliación de Programación Avanzada\PECL1 - Mem Glob\PECL1 - Mem Glob\kernel.cu"
         
         C:\Users\Ángel\Documents\Universidad\2018-2019\Segundo Cuatrimestre\Ampliación de Programación Avanzada\PECL1 - Mem Glob\PECL1 - Mem Glob>"C:\Program Files\NVIDIA GPU Computing Toolkit\CUDA\v9.1\bin\nvcc.exe" -gencode=arch=compute_30,code=\"sm_30,compute_30\" --use-local-env --cl-version 2013 -ccbin "C:\Program Files (x86)\Microsoft Visual Studio 12.0\VC\bin\x86_amd64" -x cu  -I"C:\Program Files\NVIDIA GPU Computing Toolkit\CUDA\v9.1\include" -I"C:\Program Files\NVIDIA GPU Computing Toolkit\CUDA\v9.1\include"  -G   --keep-dir x64\Debug -maxrregcount=0  --machine 64 --compile -cudart static  -g   -DWIN32 -DWIN64 -D_DEBUG -D_CONSOLE -D_MBCS -Xcompiler "/EHsc /W3 /nologo /Od /FS /Zi /RTC1 /MDd " -o x64\Debug\kernel.cu.obj "C:\Users\Ángel\Documents\Universidad\2018-2019\Segundo Cuatrimestre\Ampliación de Programación Avanzada\PECL1 - Mem Glob\PECL1 - Mem Glob\kernel.cu" 
         kernel.cu
     1>C:/Users/Ángel/Documents/Universidad/2018-2019/Segundo Cuatrimestre/Ampliación de Programación Avanzada/PECL1 - Mem Glob/PECL1 - Mem Glob/kernel.cu(121): warning C4244: 'argumento' : conversión de 'time_t' a 'unsigned int'; posible pérdida de datos
     1>Compilación del proyecto terminada "C:\Users\Ángel\Documents\Universidad\2018-2019\Segundo Cuatrimestre\Ampliación de Programación Avanzada\PECL1 - Mem Glob\PECL1 - Mem Glob\PECL1 - Mem Glob.vcxproj" (CudaBuildCore destinos).
     1>Link:
         C:\Program Files (x86)\Microsoft Visual Studio 12.0\VC\bin\x86_amd64\link.exe /ERRORREPORT:PROMPT /OUT:"C:\Users\Ángel\Documents\Universidad\2018-2019\Segundo Cuatrimestre\Ampliación de Programación Avanzada\PECL1 - Mem Glob\x64\Debug\PECL1 - Mem Glob.exe" /INCREMENTAL /NOLOGO /LIBPATH:"C:\Program Files\NVIDIA GPU Computing Toolkit\CUDA\v9.1\lib\x64" cudart.lib kernel32.lib user32.lib gdi32.lib winspool.lib comdlg32.lib advapi32.lib shell32.lib ole32.lib oleaut32.lib uuid.lib odbc32.lib odbccp32.lib kernel32.lib user32.lib gdi32.lib winspool.lib comdlg32.lib advapi32.lib shell32.lib ole32.lib oleaut32.lib uuid.lib odbc32.lib odbccp32.lib /MANIFEST /MANIFESTUAC:"level='asInvoker' uiAccess='false'" /manifest:embed /DEBUG /PDB:"C:\Users\Ángel\Documents\Universidad\2018-2019\Segundo Cuatrimestre\Ampliación de Programación Avanzada\PECL1 - Mem Glob\x64\Debug\PECL1 - Mem Glob.pdb" /SUBSYSTEM:CONSOLE /TLBID:1 /DYNAMICBASE /NXCOMPAT /IMPLIB:"C:\Users\Ángel\Documents\Universidad\2018-2019\Segundo Cuatrimestre\Ampliación de Programación Avanzada\PECL1 - Mem Glob\x64\Debug\PECL1 - Mem Glob.lib" /MACHINE:X64 x64\Debug\kernel.cu.obj
         PECL1 - Mem Glob.vcxproj -> C:\Users\Ángel\Documents\Universidad\2018-2019\Segundo Cuatrimestre\Ampliación de Programación Avanzada\PECL1 - Mem Glob\x64\Debug\PECL1 - Mem Glob.exe
       PostBuildEvent:
         echo copy "C:\Program Files\NVIDIA GPU Computing Toolkit\CUDA\v9.1\bin\cudart*.dll" "C:\Users\Ángel\Documents\Universidad\2018-2019\Segundo Cuatrimestre\Ampliación de Programación Avanzada\PECL1 - Mem Glob\x64\Debug\"
         copy "C:\Program Files\NVIDIA GPU Computing Toolkit\CUDA\v9.1\bin\cudart*.dll" "C:\Users\Ángel\Documents\Universidad\2018-2019\Segundo Cuatrimestre\Ampliación de Programación Avanzada\PECL1 - Mem Glob\x64\Debug\"
         :VCEnd
         copy "C:\Program Files\NVIDIA GPU Computing Toolkit\CUDA\v9.1\bin\cudart*.dll" "C:\Users\Ángel\Documents\Universidad\2018-2019\Segundo Cuatrimestre\Ampliación de Programación Avanzada\PECL1 - Mem Glob\x64\Debug\"
         C:\Program Files\NVIDIA GPU Computing Toolkit\CUDA\v9.1\bin\cudart32_91.dll
         C:\Program Files\NVIDIA GPU Computing Toolkit\CUDA\v9.1\bin\cudart64_91.dll
                 2 archivo(s) copiado(s).
     1>Compilación del proyecto terminada "C:\Users\Ángel\Documents\Universidad\2018-2019\Segundo Cuatrimestre\Ampliación de Programación Avanzada\PECL1 - Mem Glob\PECL1 - Mem Glob\PECL1 - Mem Glob.vcxproj" (Build destinos).

Compilación correcta.

Tiempo transcurrido 00:00:38.30
